Copyright 1986-2019 Xilinx, Inc. All Rights Reserved.
--------------------------------------------------------------------------------------------------------------------------------------------------------------------------------------------
| Tool Version : Vivado v.2019.2 (lin64) Build 2708876 Wed Nov  6 21:39:14 MST 2019
| Date         : Tue Nov 10 13:38:54 2020
| Host         : chrispy-desktop running 64-bit Ubuntu 20.04.1 LTS
| Command      : report_methodology -file processor_toplevel_methodology_drc_routed.rpt -pb processor_toplevel_methodology_drc_routed.pb -rpx processor_toplevel_methodology_drc_routed.rpx
| Design       : processor_toplevel
| Device       : xc7a35tcpg236-1
| Speed File   : -1
| Design State : Fully Routed
--------------------------------------------------------------------------------------------------------------------------------------------------------------------------------------------

Report Methodology

Table of Contents
-----------------
1. REPORT SUMMARY
2. REPORT DETAILS

1. REPORT SUMMARY
-----------------
            Netlist: netlist
          Floorplan: checkpoint_processor_toplevel
      Design limits: <entire design considered>
             Max violations: <unlimited>
             Violations found: 72
+-----------+------------------+-----------------------------+------------+
| Rule      | Severity         | Description                 | Violations |
+-----------+------------------+-----------------------------+------------+
| TIMING-17 | Critical Warning | Non-clocked sequential cell | 72         |
+-----------+------------------+-----------------------------+------------+

2. REPORT DETAILS
-----------------
TIMING-17#1 Critical Warning
Non-clocked sequential cell  
The clock pin DATA_PATH/DATA_PATH/REGISTER_FILE/reg_block_reg[1][0]/C is not reached by a timing clock
Related violations: <none>

TIMING-17#2 Critical Warning
Non-clocked sequential cell  
The clock pin DATA_PATH/DATA_PATH/REGISTER_FILE/reg_block_reg[1][10]/C is not reached by a timing clock
Related violations: <none>

TIMING-17#3 Critical Warning
Non-clocked sequential cell  
The clock pin DATA_PATH/DATA_PATH/REGISTER_FILE/reg_block_reg[1][11]/C is not reached by a timing clock
Related violations: <none>

TIMING-17#4 Critical Warning
Non-clocked sequential cell  
The clock pin DATA_PATH/DATA_PATH/REGISTER_FILE/reg_block_reg[1][12]/C is not reached by a timing clock
Related violations: <none>

TIMING-17#5 Critical Warning
Non-clocked sequential cell  
The clock pin DATA_PATH/DATA_PATH/REGISTER_FILE/reg_block_reg[1][13]/C is not reached by a timing clock
Related violations: <none>

TIMING-17#6 Critical Warning
Non-clocked sequential cell  
The clock pin DATA_PATH/DATA_PATH/REGISTER_FILE/reg_block_reg[1][14]/C is not reached by a timing clock
Related violations: <none>

TIMING-17#7 Critical Warning
Non-clocked sequential cell  
The clock pin DATA_PATH/DATA_PATH/REGISTER_FILE/reg_block_reg[1][15]/C is not reached by a timing clock
Related violations: <none>

TIMING-17#8 Critical Warning
Non-clocked sequential cell  
The clock pin DATA_PATH/DATA_PATH/REGISTER_FILE/reg_block_reg[1][1]/C is not reached by a timing clock
Related violations: <none>

TIMING-17#9 Critical Warning
Non-clocked sequential cell  
The clock pin DATA_PATH/DATA_PATH/REGISTER_FILE/reg_block_reg[1][2]/C is not reached by a timing clock
Related violations: <none>

TIMING-17#10 Critical Warning
Non-clocked sequential cell  
The clock pin DATA_PATH/DATA_PATH/REGISTER_FILE/reg_block_reg[1][3]/C is not reached by a timing clock
Related violations: <none>

TIMING-17#11 Critical Warning
Non-clocked sequential cell  
The clock pin DATA_PATH/DATA_PATH/REGISTER_FILE/reg_block_reg[1][4]/C is not reached by a timing clock
Related violations: <none>

TIMING-17#12 Critical Warning
Non-clocked sequential cell  
The clock pin DATA_PATH/DATA_PATH/REGISTER_FILE/reg_block_reg[1][5]/C is not reached by a timing clock
Related violations: <none>

TIMING-17#13 Critical Warning
Non-clocked sequential cell  
The clock pin DATA_PATH/DATA_PATH/REGISTER_FILE/reg_block_reg[1][6]/C is not reached by a timing clock
Related violations: <none>

TIMING-17#14 Critical Warning
Non-clocked sequential cell  
The clock pin DATA_PATH/DATA_PATH/REGISTER_FILE/reg_block_reg[1][7]/C is not reached by a timing clock
Related violations: <none>

TIMING-17#15 Critical Warning
Non-clocked sequential cell  
The clock pin DATA_PATH/DATA_PATH/REGISTER_FILE/reg_block_reg[1][8]/C is not reached by a timing clock
Related violations: <none>

TIMING-17#16 Critical Warning
Non-clocked sequential cell  
The clock pin DATA_PATH/DATA_PATH/REGISTER_FILE/reg_block_reg[1][9]/C is not reached by a timing clock
Related violations: <none>

TIMING-17#17 Critical Warning
Non-clocked sequential cell  
The clock pin DATA_PATH/DATA_PATH/REGISTER_FILE/reg_block_reg[2][0]/C is not reached by a timing clock
Related violations: <none>

TIMING-17#18 Critical Warning
Non-clocked sequential cell  
The clock pin DATA_PATH/DATA_PATH/REGISTER_FILE/reg_block_reg[2][10]/C is not reached by a timing clock
Related violations: <none>

TIMING-17#19 Critical Warning
Non-clocked sequential cell  
The clock pin DATA_PATH/DATA_PATH/REGISTER_FILE/reg_block_reg[2][11]/C is not reached by a timing clock
Related violations: <none>

TIMING-17#20 Critical Warning
Non-clocked sequential cell  
The clock pin DATA_PATH/DATA_PATH/REGISTER_FILE/reg_block_reg[2][12]/C is not reached by a timing clock
Related violations: <none>

TIMING-17#21 Critical Warning
Non-clocked sequential cell  
The clock pin DATA_PATH/DATA_PATH/REGISTER_FILE/reg_block_reg[2][13]/C is not reached by a timing clock
Related violations: <none>

TIMING-17#22 Critical Warning
Non-clocked sequential cell  
The clock pin DATA_PATH/DATA_PATH/REGISTER_FILE/reg_block_reg[2][14]/C is not reached by a timing clock
Related violations: <none>

TIMING-17#23 Critical Warning
Non-clocked sequential cell  
The clock pin DATA_PATH/DATA_PATH/REGISTER_FILE/reg_block_reg[2][15]/C is not reached by a timing clock
Related violations: <none>

TIMING-17#24 Critical Warning
Non-clocked sequential cell  
The clock pin DATA_PATH/DATA_PATH/REGISTER_FILE/reg_block_reg[2][1]/C is not reached by a timing clock
Related violations: <none>

TIMING-17#25 Critical Warning
Non-clocked sequential cell  
The clock pin DATA_PATH/DATA_PATH/REGISTER_FILE/reg_block_reg[2][2]/C is not reached by a timing clock
Related violations: <none>

TIMING-17#26 Critical Warning
Non-clocked sequential cell  
The clock pin DATA_PATH/DATA_PATH/REGISTER_FILE/reg_block_reg[2][3]/C is not reached by a timing clock
Related violations: <none>

TIMING-17#27 Critical Warning
Non-clocked sequential cell  
The clock pin DATA_PATH/DATA_PATH/REGISTER_FILE/reg_block_reg[2][4]/C is not reached by a timing clock
Related violations: <none>

TIMING-17#28 Critical Warning
Non-clocked sequential cell  
The clock pin DATA_PATH/DATA_PATH/REGISTER_FILE/reg_block_reg[2][5]/C is not reached by a timing clock
Related violations: <none>

TIMING-17#29 Critical Warning
Non-clocked sequential cell  
The clock pin DATA_PATH/DATA_PATH/REGISTER_FILE/reg_block_reg[2][6]/C is not reached by a timing clock
Related violations: <none>

TIMING-17#30 Critical Warning
Non-clocked sequential cell  
The clock pin DATA_PATH/DATA_PATH/REGISTER_FILE/reg_block_reg[2][7]/C is not reached by a timing clock
Related violations: <none>

TIMING-17#31 Critical Warning
Non-clocked sequential cell  
The clock pin DATA_PATH/DATA_PATH/REGISTER_FILE/reg_block_reg[2][8]/C is not reached by a timing clock
Related violations: <none>

TIMING-17#32 Critical Warning
Non-clocked sequential cell  
The clock pin DATA_PATH/DATA_PATH/REGISTER_FILE/reg_block_reg[2][9]/C is not reached by a timing clock
Related violations: <none>

TIMING-17#33 Critical Warning
Non-clocked sequential cell  
The clock pin DATA_PATH/DATA_PATH/REGISTER_FILE/reg_block_reg[3][0]/C is not reached by a timing clock
Related violations: <none>

TIMING-17#34 Critical Warning
Non-clocked sequential cell  
The clock pin DATA_PATH/DATA_PATH/REGISTER_FILE/reg_block_reg[3][10]/C is not reached by a timing clock
Related violations: <none>

TIMING-17#35 Critical Warning
Non-clocked sequential cell  
The clock pin DATA_PATH/DATA_PATH/REGISTER_FILE/reg_block_reg[3][11]/C is not reached by a timing clock
Related violations: <none>

TIMING-17#36 Critical Warning
Non-clocked sequential cell  
The clock pin DATA_PATH/DATA_PATH/REGISTER_FILE/reg_block_reg[3][12]/C is not reached by a timing clock
Related violations: <none>

TIMING-17#37 Critical Warning
Non-clocked sequential cell  
The clock pin DATA_PATH/DATA_PATH/REGISTER_FILE/reg_block_reg[3][13]/C is not reached by a timing clock
Related violations: <none>

TIMING-17#38 Critical Warning
Non-clocked sequential cell  
The clock pin DATA_PATH/DATA_PATH/REGISTER_FILE/reg_block_reg[3][14]/C is not reached by a timing clock
Related violations: <none>

TIMING-17#39 Critical Warning
Non-clocked sequential cell  
The clock pin DATA_PATH/DATA_PATH/REGISTER_FILE/reg_block_reg[3][15]/C is not reached by a timing clock
Related violations: <none>

TIMING-17#40 Critical Warning
Non-clocked sequential cell  
The clock pin DATA_PATH/DATA_PATH/REGISTER_FILE/reg_block_reg[3][1]/C is not reached by a timing clock
Related violations: <none>

TIMING-17#41 Critical Warning
Non-clocked sequential cell  
The clock pin DATA_PATH/DATA_PATH/REGISTER_FILE/reg_block_reg[3][2]/C is not reached by a timing clock
Related violations: <none>

TIMING-17#42 Critical Warning
Non-clocked sequential cell  
The clock pin DATA_PATH/DATA_PATH/REGISTER_FILE/reg_block_reg[3][3]/C is not reached by a timing clock
Related violations: <none>

TIMING-17#43 Critical Warning
Non-clocked sequential cell  
The clock pin DATA_PATH/DATA_PATH/REGISTER_FILE/reg_block_reg[3][4]/C is not reached by a timing clock
Related violations: <none>

TIMING-17#44 Critical Warning
Non-clocked sequential cell  
The clock pin DATA_PATH/DATA_PATH/REGISTER_FILE/reg_block_reg[3][5]/C is not reached by a timing clock
Related violations: <none>

TIMING-17#45 Critical Warning
Non-clocked sequential cell  
The clock pin DATA_PATH/DATA_PATH/REGISTER_FILE/reg_block_reg[3][6]/C is not reached by a timing clock
Related violations: <none>

TIMING-17#46 Critical Warning
Non-clocked sequential cell  
The clock pin DATA_PATH/DATA_PATH/REGISTER_FILE/reg_block_reg[3][7]/C is not reached by a timing clock
Related violations: <none>

TIMING-17#47 Critical Warning
Non-clocked sequential cell  
The clock pin DATA_PATH/DATA_PATH/REGISTER_FILE/reg_block_reg[3][8]/C is not reached by a timing clock
Related violations: <none>

TIMING-17#48 Critical Warning
Non-clocked sequential cell  
The clock pin DATA_PATH/DATA_PATH/REGISTER_FILE/reg_block_reg[3][9]/C is not reached by a timing clock
Related violations: <none>

TIMING-17#49 Critical Warning
Non-clocked sequential cell  
The clock pin DATA_PATH/DATA_PATH/REGISTER_FILE/reg_block_reg[4][10]/C is not reached by a timing clock
Related violations: <none>

TIMING-17#50 Critical Warning
Non-clocked sequential cell  
The clock pin DATA_PATH/DATA_PATH/REGISTER_FILE/reg_block_reg[4][1]/C is not reached by a timing clock
Related violations: <none>

TIMING-17#51 Critical Warning
Non-clocked sequential cell  
The clock pin DATA_PATH/DATA_PATH/REGISTER_FILE/reg_block_reg[4][7]/C is not reached by a timing clock
Related violations: <none>

TIMING-17#52 Critical Warning
Non-clocked sequential cell  
The clock pin DATA_PATH/DATA_PATH/REGISTER_FILE/reg_block_reg[4][8]/C is not reached by a timing clock
Related violations: <none>

TIMING-17#53 Critical Warning
Non-clocked sequential cell  
The clock pin DATA_PATH/DATA_PATH/REGISTER_FILE/reg_block_reg[5][10]/C is not reached by a timing clock
Related violations: <none>

TIMING-17#54 Critical Warning
Non-clocked sequential cell  
The clock pin DATA_PATH/DATA_PATH/REGISTER_FILE/reg_block_reg[5][1]/C is not reached by a timing clock
Related violations: <none>

TIMING-17#55 Critical Warning
Non-clocked sequential cell  
The clock pin DATA_PATH/DATA_PATH/REGISTER_FILE/reg_block_reg[5][7]/C is not reached by a timing clock
Related violations: <none>

TIMING-17#56 Critical Warning
Non-clocked sequential cell  
The clock pin DATA_PATH/DATA_PATH/REGISTER_FILE/reg_block_reg[5][8]/C is not reached by a timing clock
Related violations: <none>

TIMING-17#57 Critical Warning
Non-clocked sequential cell  
The clock pin DATA_PATH/PC_LOOP/PC/PC_out_reg[0]/C is not reached by a timing clock
Related violations: <none>

TIMING-17#58 Critical Warning
Non-clocked sequential cell  
The clock pin DATA_PATH/PC_LOOP/PC/PC_out_reg[10]/C is not reached by a timing clock
Related violations: <none>

TIMING-17#59 Critical Warning
Non-clocked sequential cell  
The clock pin DATA_PATH/PC_LOOP/PC/PC_out_reg[11]/C is not reached by a timing clock
Related violations: <none>

TIMING-17#60 Critical Warning
Non-clocked sequential cell  
The clock pin DATA_PATH/PC_LOOP/PC/PC_out_reg[12]/C is not reached by a timing clock
Related violations: <none>

TIMING-17#61 Critical Warning
Non-clocked sequential cell  
The clock pin DATA_PATH/PC_LOOP/PC/PC_out_reg[13]/C is not reached by a timing clock
Related violations: <none>

TIMING-17#62 Critical Warning
Non-clocked sequential cell  
The clock pin DATA_PATH/PC_LOOP/PC/PC_out_reg[14]/C is not reached by a timing clock
Related violations: <none>

TIMING-17#63 Critical Warning
Non-clocked sequential cell  
The clock pin DATA_PATH/PC_LOOP/PC/PC_out_reg[15]/C is not reached by a timing clock
Related violations: <none>

TIMING-17#64 Critical Warning
Non-clocked sequential cell  
The clock pin DATA_PATH/PC_LOOP/PC/PC_out_reg[1]/C is not reached by a timing clock
Related violations: <none>

TIMING-17#65 Critical Warning
Non-clocked sequential cell  
The clock pin DATA_PATH/PC_LOOP/PC/PC_out_reg[2]/C is not reached by a timing clock
Related violations: <none>

TIMING-17#66 Critical Warning
Non-clocked sequential cell  
The clock pin DATA_PATH/PC_LOOP/PC/PC_out_reg[3]/C is not reached by a timing clock
Related violations: <none>

TIMING-17#67 Critical Warning
Non-clocked sequential cell  
The clock pin DATA_PATH/PC_LOOP/PC/PC_out_reg[4]/C is not reached by a timing clock
Related violations: <none>

TIMING-17#68 Critical Warning
Non-clocked sequential cell  
The clock pin DATA_PATH/PC_LOOP/PC/PC_out_reg[5]/C is not reached by a timing clock
Related violations: <none>

TIMING-17#69 Critical Warning
Non-clocked sequential cell  
The clock pin DATA_PATH/PC_LOOP/PC/PC_out_reg[6]/C is not reached by a timing clock
Related violations: <none>

TIMING-17#70 Critical Warning
Non-clocked sequential cell  
The clock pin DATA_PATH/PC_LOOP/PC/PC_out_reg[7]/C is not reached by a timing clock
Related violations: <none>

TIMING-17#71 Critical Warning
Non-clocked sequential cell  
The clock pin DATA_PATH/PC_LOOP/PC/PC_out_reg[8]/C is not reached by a timing clock
Related violations: <none>

TIMING-17#72 Critical Warning
Non-clocked sequential cell  
The clock pin DATA_PATH/PC_LOOP/PC/PC_out_reg[9]/C is not reached by a timing clock
Related violations: <none>


