Copyright 1986-2019 Xilinx, Inc. All Rights Reserved.
-----------------------------------------------------------------------------------------------
| Tool Version : Vivado v.2019.2 (lin64) Build 2708876 Wed Nov  6 21:39:14 MST 2019
| Date         : Wed Nov 18 17:59:55 2020
| Host         : chrispy-desktop running 64-bit Ubuntu 20.04.1 LTS
| Command      : report_control_sets -verbose -file processor_toplevel_control_sets_placed.rpt
| Design       : processor_toplevel
| Device       : xc7a35t
-----------------------------------------------------------------------------------------------

Control Set Information

Table of Contents
-----------------
1. Summary
2. Histogram
3. Flip-Flop Distribution
4. Detailed Control Set Information

1. Summary
----------

+----------------------------------------------------------+-------+
|                          Status                          | Count |
+----------------------------------------------------------+-------+
| Total control sets                                       |   264 |
|    Minimum number of control sets                        |   264 |
|    Addition due to synthesis replication                 |     0 |
|    Addition due to physical synthesis replication        |     0 |
| Unused register locations in slices containing registers |     1 |
+----------------------------------------------------------+-------+
* Control sets can be merged at opt_design using control_set_merge or merge_equivalent_drivers
** Run report_qor_suggestions for automated merging and remapping suggestions


2. Histogram
------------

+--------------------+-------+
|       Fanout       | Count |
+--------------------+-------+
| Total control sets |   264 |
| >= 0 to < 4        |     0 |
| >= 4 to < 6        |     0 |
| >= 6 to < 8        |     1 |
| >= 8 to < 10       |     0 |
| >= 10 to < 12      |     0 |
| >= 12 to < 14      |     0 |
| >= 14 to < 16      |     0 |
| >= 16              |   263 |
+--------------------+-------+
* Control sets can be remapped at either synth_design or opt_design


3. Flip-Flop Distribution
-------------------------

+--------------+-----------------------+------------------------+-----------------+--------------+
| Clock Enable | Synchronous Set/Reset | Asynchronous Set/Reset | Total Registers | Total Slices |
+--------------+-----------------------+------------------------+-----------------+--------------+
| No           | No                    | No                     |            4215 |         1822 |
| No           | No                    | Yes                    |               0 |            0 |
| No           | Yes                   | No                     |               0 |            0 |
| Yes          | No                    | No                     |               0 |            0 |
| Yes          | No                    | Yes                    |               0 |            0 |
| Yes          | Yes                   | No                     |               0 |            0 |
+--------------+-----------------------+------------------------+-----------------+--------------+


4. Detailed Control Set Information
-----------------------------------

+--------------------------------------------------------------+---------------+------------------+------------------+----------------+
|                         Clock Signal                         | Enable Signal | Set/Reset Signal | Slice Load Count | Bel Load Count |
+--------------------------------------------------------------+---------------+------------------+------------------+----------------+
|  clk_in_IBUF_BUFG                                            |               |                  |                2 |              7 |
|  DATA_PATH/DATA_PATH/SIGN_EXTEND/SE_SELECTOR/pass1/i__285[0] |               |                  |                6 |             16 |
|  DATA_PATH/DATA_PATH/SIGN_EXTEND/SE_SELECTOR/pass1/i__269[0] |               |                  |                9 |             16 |
|  DATA_PATH/DATA_PATH/SIGN_EXTEND/SE_SELECTOR/pass1/i__284[0] |               |                  |                8 |             16 |
|  DATA_PATH/DATA_PATH/SIGN_EXTEND/SE_SELECTOR/pass1/i__283[0] |               |                  |                6 |             16 |
|  DATA_PATH/DATA_PATH/SIGN_EXTEND/SE_SELECTOR/pass1/i__282[0] |               |                  |                7 |             16 |
|  DATA_PATH/DATA_PATH/SIGN_EXTEND/SE_SELECTOR/pass1/i__281[0] |               |                  |                6 |             16 |
|  DATA_PATH/DATA_PATH/SIGN_EXTEND/SE_SELECTOR/pass1/i__280[0] |               |                  |                6 |             16 |
|  DATA_PATH/DATA_PATH/SIGN_EXTEND/SE_SELECTOR/pass1/i__279[0] |               |                  |                7 |             16 |
|  DATA_PATH/DATA_PATH/SIGN_EXTEND/SE_SELECTOR/pass1/i__278[0] |               |                  |                5 |             16 |
|  DATA_PATH/DATA_PATH/SIGN_EXTEND/SE_SELECTOR/pass1/i__277[0] |               |                  |                4 |             16 |
|  DATA_PATH/DATA_PATH/SIGN_EXTEND/SE_SELECTOR/pass1/i__276[0] |               |                  |                5 |             16 |
|  DATA_PATH/DATA_PATH/SIGN_EXTEND/SE_SELECTOR/pass1/i__275[0] |               |                  |                7 |             16 |
|  DATA_PATH/DATA_PATH/SIGN_EXTEND/SE_SELECTOR/pass1/i__274[0] |               |                  |                6 |             16 |
|  DATA_PATH/DATA_PATH/SIGN_EXTEND/SE_SELECTOR/pass1/i__273[0] |               |                  |                6 |             16 |
|  DATA_PATH/DATA_PATH/SIGN_EXTEND/SE_SELECTOR/pass1/i__271[0] |               |                  |                5 |             16 |
|  DATA_PATH/DATA_PATH/SIGN_EXTEND/SE_SELECTOR/pass1/i__270[0] |               |                  |                7 |             16 |
|  DATA_PATH/DATA_PATH/SIGN_EXTEND/SE_SELECTOR/pass1/i__46[0]  |               |                  |                5 |             16 |
|  DATA_PATH/DATA_PATH/SIGN_EXTEND/SE_SELECTOR/pass1/i__286[0] |               |                  |               14 |             16 |
|  DATA_PATH/DATA_PATH/SIGN_EXTEND/SE_SELECTOR/pass1/i__31[0]  |               |                  |                4 |             16 |
|  DATA_PATH/DATA_PATH/SIGN_EXTEND/SE_SELECTOR/pass1/i__32[0]  |               |                  |                4 |             16 |
|  DATA_PATH/DATA_PATH/SIGN_EXTEND/SE_SELECTOR/pass1/i__34[0]  |               |                  |                8 |             16 |
|  DATA_PATH/DATA_PATH/SIGN_EXTEND/SE_SELECTOR/pass1/i__35[0]  |               |                  |                7 |             16 |
|  DATA_PATH/DATA_PATH/SIGN_EXTEND/SE_SELECTOR/pass1/i__36[0]  |               |                  |               12 |             16 |
|  DATA_PATH/DATA_PATH/SIGN_EXTEND/SE_SELECTOR/pass1/i__37[0]  |               |                  |                9 |             16 |
|  DATA_PATH/DATA_PATH/SIGN_EXTEND/SE_SELECTOR/pass1/i__38[0]  |               |                  |                7 |             16 |
|  DATA_PATH/DATA_PATH/SIGN_EXTEND/SE_SELECTOR/pass1/i__39[0]  |               |                  |               11 |             16 |
|  DATA_PATH/DATA_PATH/SIGN_EXTEND/SE_SELECTOR/pass1/i__40[0]  |               |                  |               10 |             16 |
|  DATA_PATH/DATA_PATH/SIGN_EXTEND/SE_SELECTOR/pass1/i__41[0]  |               |                  |                8 |             16 |
|  DATA_PATH/DATA_PATH/SIGN_EXTEND/SE_SELECTOR/pass1/i__42[0]  |               |                  |                8 |             16 |
|  DATA_PATH/DATA_PATH/SIGN_EXTEND/SE_SELECTOR/pass1/i__43[0]  |               |                  |                7 |             16 |
|  DATA_PATH/DATA_PATH/SIGN_EXTEND/SE_SELECTOR/pass1/i__44[0]  |               |                  |                8 |             16 |
|  DATA_PATH/DATA_PATH/SIGN_EXTEND/SE_SELECTOR/pass1/i__45[0]  |               |                  |                6 |             16 |
|  DATA_PATH/DATA_PATH/SIGN_EXTEND/SE_SELECTOR/pass1/i__234[0] |               |                  |                5 |             16 |
|  DATA_PATH/DATA_PATH/SIGN_EXTEND/SE_SELECTOR/pass1/i__242[0] |               |                  |                7 |             16 |
|  DATA_PATH/DATA_PATH/SIGN_EXTEND/SE_SELECTOR/pass1/i__250[0] |               |                  |                6 |             16 |
|  DATA_PATH/DATA_PATH/SIGN_EXTEND/SE_SELECTOR/pass1/i__249[0] |               |                  |                9 |             16 |
|  DATA_PATH/DATA_PATH/SIGN_EXTEND/SE_SELECTOR/pass1/i__248[0] |               |                  |               11 |             16 |
|  DATA_PATH/DATA_PATH/SIGN_EXTEND/SE_SELECTOR/pass1/i__247[0] |               |                  |               10 |             16 |
|  DATA_PATH/DATA_PATH/SIGN_EXTEND/SE_SELECTOR/pass1/i__246[0] |               |                  |                7 |             16 |
|  DATA_PATH/DATA_PATH/SIGN_EXTEND/SE_SELECTOR/pass1/i__245[0] |               |                  |                5 |             16 |
|  DATA_PATH/DATA_PATH/SIGN_EXTEND/SE_SELECTOR/pass1/i__244[0] |               |                  |                6 |             16 |
|  DATA_PATH/DATA_PATH/SIGN_EXTEND/SE_SELECTOR/pass1/i__243[0] |               |                  |                4 |             16 |
|  DATA_PATH/DATA_PATH/SIGN_EXTEND/SE_SELECTOR/pass1/i__251[0] |               |                  |                5 |             16 |
|  DATA_PATH/DATA_PATH/SIGN_EXTEND/SE_SELECTOR/pass1/i__241[0] |               |                  |                7 |             16 |
|  DATA_PATH/DATA_PATH/SIGN_EXTEND/SE_SELECTOR/pass1/i__240[0] |               |                  |                7 |             16 |
|  DATA_PATH/DATA_PATH/SIGN_EXTEND/SE_SELECTOR/pass1/i__239[0] |               |                  |                6 |             16 |
|  DATA_PATH/DATA_PATH/SIGN_EXTEND/SE_SELECTOR/pass1/i__237[0] |               |                  |                6 |             16 |
|  DATA_PATH/DATA_PATH/SIGN_EXTEND/SE_SELECTOR/pass1/i__236[0] |               |                  |                9 |             16 |
|  DATA_PATH/DATA_PATH/SIGN_EXTEND/SE_SELECTOR/pass1/i__235[0] |               |                  |                7 |             16 |
|  DATA_PATH/DATA_PATH/SIGN_EXTEND/SE_SELECTOR/pass1/i__233[0] |               |                  |                5 |             16 |
|  DATA_PATH/DATA_PATH/SIGN_EXTEND/SE_SELECTOR/pass1/i__268[0] |               |                  |               10 |             16 |
|  DATA_PATH/DATA_PATH/SIGN_EXTEND/SE_SELECTOR/pass1/i__252[0] |               |                  |                6 |             16 |
|  DATA_PATH/DATA_PATH/SIGN_EXTEND/SE_SELECTOR/pass1/i__253[0] |               |                  |                9 |             16 |
|  DATA_PATH/DATA_PATH/SIGN_EXTEND/SE_SELECTOR/pass1/i__254[0] |               |                  |               13 |             16 |
|  DATA_PATH/DATA_PATH/SIGN_EXTEND/SE_SELECTOR/pass1/i__256[0] |               |                  |                5 |             16 |
|  DATA_PATH/DATA_PATH/SIGN_EXTEND/SE_SELECTOR/pass1/i__257[0] |               |                  |                5 |             16 |
|  DATA_PATH/DATA_PATH/SIGN_EXTEND/SE_SELECTOR/pass1/i__258[0] |               |                  |                6 |             16 |
|  DATA_PATH/DATA_PATH/SIGN_EXTEND/SE_SELECTOR/pass1/i__259[0] |               |                  |                6 |             16 |
|  DATA_PATH/DATA_PATH/SIGN_EXTEND/SE_SELECTOR/pass1/i__260[0] |               |                  |                6 |             16 |
|  DATA_PATH/DATA_PATH/SIGN_EXTEND/SE_SELECTOR/pass1/i__261[0] |               |                  |                6 |             16 |
|  DATA_PATH/DATA_PATH/SIGN_EXTEND/SE_SELECTOR/pass1/i__262[0] |               |                  |                5 |             16 |
|  DATA_PATH/DATA_PATH/SIGN_EXTEND/SE_SELECTOR/pass1/i__263[0] |               |                  |                6 |             16 |
|  DATA_PATH/DATA_PATH/SIGN_EXTEND/SE_SELECTOR/pass1/i__264[0] |               |                  |                7 |             16 |
|  DATA_PATH/DATA_PATH/SIGN_EXTEND/SE_SELECTOR/pass1/i__265[0] |               |                  |                8 |             16 |
|  DATA_PATH/DATA_PATH/SIGN_EXTEND/SE_SELECTOR/pass1/i__266[0] |               |                  |                5 |             16 |
|  DATA_PATH/DATA_PATH/SIGN_EXTEND/SE_SELECTOR/pass1/i__267[0] |               |                  |                5 |             16 |
|  DATA_PATH/DATA_PATH/SIGN_EXTEND/SE_SELECTOR/pass1/i__90[0]  |               |                  |                5 |             16 |
|  DATA_PATH/DATA_PATH/SIGN_EXTEND/SE_SELECTOR/pass1/i__98[0]  |               |                  |               12 |             16 |
|  DATA_PATH/DATA_PATH/SIGN_EXTEND/SE_SELECTOR/pass1/i__97[0]  |               |                  |                7 |             16 |
|  DATA_PATH/DATA_PATH/SIGN_EXTEND/SE_SELECTOR/pass1/i__96[0]  |               |                  |                8 |             16 |
|  DATA_PATH/DATA_PATH/SIGN_EXTEND/SE_SELECTOR/pass1/i__95[0]  |               |                  |                5 |             16 |
|  DATA_PATH/DATA_PATH/SIGN_EXTEND/SE_SELECTOR/pass1/i__94[0]  |               |                  |               13 |             16 |
|  DATA_PATH/DATA_PATH/SIGN_EXTEND/SE_SELECTOR/pass1/i__93[0]  |               |                  |                9 |             16 |
|  DATA_PATH/DATA_PATH/SIGN_EXTEND/SE_SELECTOR/pass1/i__92[0]  |               |                  |               10 |             16 |
|  DATA_PATH/DATA_PATH/SIGN_EXTEND/SE_SELECTOR/pass1/i__91[0]  |               |                  |                6 |             16 |
|  DATA_PATH/DATA_PATH/SIGN_EXTEND/SE_SELECTOR/pass1/i__108[0] |               |                  |               10 |             16 |
|  DATA_PATH/DATA_PATH/SIGN_EXTEND/SE_SELECTOR/pass1/i__89[0]  |               |                  |                5 |             16 |
|  DATA_PATH/DATA_PATH/SIGN_EXTEND/SE_SELECTOR/pass1/i__88[0]  |               |                  |                7 |             16 |
|  DATA_PATH/DATA_PATH/SIGN_EXTEND/SE_SELECTOR/pass1/i__87[0]  |               |                  |                4 |             16 |
|  DATA_PATH/DATA_PATH/SIGN_EXTEND/SE_SELECTOR/pass1/i__86[0]  |               |                  |                6 |             16 |
|  DATA_PATH/DATA_PATH/SIGN_EXTEND/SE_SELECTOR/pass1/i__85[0]  |               |                  |                6 |             16 |
|  DATA_PATH/DATA_PATH/SIGN_EXTEND/SE_SELECTOR/pass1/i__84[0]  |               |                  |                5 |             16 |
|  DATA_PATH/DATA_PATH/SIGN_EXTEND/SE_SELECTOR/pass1/i__83[0]  |               |                  |                4 |             16 |
|  DATA_PATH/DATA_PATH/SIGN_EXTEND/SE_SELECTOR/pass1/i__81[0]  |               |                  |                5 |             16 |
|  DATA_PATH/DATA_PATH/SIGN_EXTEND/SE_SELECTOR/pass1/i__122[0] |               |                  |                7 |             16 |
|  DATA_PATH/DATA_PATH/SIGN_EXTEND/SE_SELECTOR/pass1/i__142[0] |               |                  |                7 |             16 |
|  DATA_PATH/DATA_PATH/SIGN_EXTEND/SE_SELECTOR/pass1/i__158[0] |               |                  |               11 |             16 |
|  DATA_PATH/DATA_PATH/SIGN_EXTEND/SE_SELECTOR/pass1/i__173[0] |               |                  |                7 |             16 |
|  DATA_PATH/DATA_PATH/SIGN_EXTEND/SE_SELECTOR/pass1/i__189[0] |               |                  |                8 |             16 |
|  DATA_PATH/DATA_PATH/SIGN_EXTEND/SE_SELECTOR/pass1/i__204[0] |               |                  |                6 |             16 |
|  DATA_PATH/DATA_PATH/SIGN_EXTEND/SE_SELECTOR/pass1/i__221[0] |               |                  |               13 |             16 |
|  DATA_PATH/DATA_PATH/SIGN_EXTEND/SE_SELECTOR/pass1/i__238[0] |               |                  |               10 |             16 |
|  DATA_PATH/DATA_PATH/SIGN_EXTEND/SE_SELECTOR/pass1/i__255[0] |               |                  |                5 |             16 |
|  DATA_PATH/DATA_PATH/SIGN_EXTEND/SE_SELECTOR/pass1/i__272[0] |               |                  |                7 |             16 |
|  DATA_PATH/DATA_PATH/SIGN_EXTEND/SE_SELECTOR/pass1/i__33[0]  |               |                  |                6 |             16 |
|  DATA_PATH/DATA_PATH/SIGN_EXTEND/SE_SELECTOR/pass1/i__50[0]  |               |                  |               10 |             16 |
|  DATA_PATH/DATA_PATH/SIGN_EXTEND/SE_SELECTOR/pass1/i__67[0]  |               |                  |                5 |             16 |
|  DATA_PATH/DATA_PATH/SIGN_EXTEND/SE_SELECTOR/pass1/i__82[0]  |               |                  |                6 |             16 |
|  DATA_PATH/DATA_PATH/SIGN_EXTEND/SE_SELECTOR/pass1/i__99[0]  |               |                  |                6 |             16 |
|  DATA_PATH/DATA_PATH/SIGN_EXTEND/SE_SELECTOR/pass1/i__64[0]  |               |                  |               10 |             16 |
|  DATA_PATH/DATA_PATH/SIGN_EXTEND/SE_SELECTOR/pass1/i__48[0]  |               |                  |                4 |             16 |
|  DATA_PATH/DATA_PATH/SIGN_EXTEND/SE_SELECTOR/pass1/i__49[0]  |               |                  |                9 |             16 |
|  DATA_PATH/DATA_PATH/SIGN_EXTEND/SE_SELECTOR/pass1/i__51[0]  |               |                  |                5 |             16 |
|  DATA_PATH/DATA_PATH/SIGN_EXTEND/SE_SELECTOR/pass1/i__52[0]  |               |                  |                5 |             16 |
|  DATA_PATH/DATA_PATH/SIGN_EXTEND/SE_SELECTOR/pass1/i__53[0]  |               |                  |                8 |             16 |
|  DATA_PATH/DATA_PATH/SIGN_EXTEND/SE_SELECTOR/pass1/i__54[0]  |               |                  |                6 |             16 |
|  DATA_PATH/DATA_PATH/SIGN_EXTEND/SE_SELECTOR/pass1/i__55[0]  |               |                  |                5 |             16 |
|  DATA_PATH/DATA_PATH/SIGN_EXTEND/SE_SELECTOR/pass1/i__56[0]  |               |                  |                8 |             16 |
|  DATA_PATH/DATA_PATH/SIGN_EXTEND/SE_SELECTOR/pass1/i__57[0]  |               |                  |                6 |             16 |
|  DATA_PATH/DATA_PATH/SIGN_EXTEND/SE_SELECTOR/pass1/i__58[0]  |               |                  |                8 |             16 |
|  DATA_PATH/DATA_PATH/SIGN_EXTEND/SE_SELECTOR/pass1/i__59[0]  |               |                  |                8 |             16 |
|  DATA_PATH/DATA_PATH/SIGN_EXTEND/SE_SELECTOR/pass1/i__60[0]  |               |                  |               11 |             16 |
|  DATA_PATH/DATA_PATH/SIGN_EXTEND/SE_SELECTOR/pass1/i__61[0]  |               |                  |                9 |             16 |
|  DATA_PATH/DATA_PATH/SIGN_EXTEND/SE_SELECTOR/pass1/i__62[0]  |               |                  |               10 |             16 |
|  DATA_PATH/DATA_PATH/SIGN_EXTEND/SE_SELECTOR/pass1/i__63[0]  |               |                  |                9 |             16 |
|  DATA_PATH/DATA_PATH/SIGN_EXTEND/SE_SELECTOR/pass1/i__47[0]  |               |                  |                7 |             16 |
|  DATA_PATH/DATA_PATH/SIGN_EXTEND/SE_SELECTOR/pass1/i__65[0]  |               |                  |                5 |             16 |
|  DATA_PATH/DATA_PATH/SIGN_EXTEND/SE_SELECTOR/pass1/i__66[0]  |               |                  |                5 |             16 |
|  DATA_PATH/DATA_PATH/SIGN_EXTEND/SE_SELECTOR/pass1/i__68[0]  |               |                  |                6 |             16 |
|  DATA_PATH/DATA_PATH/SIGN_EXTEND/SE_SELECTOR/pass1/i__69[0]  |               |                  |                7 |             16 |
|  DATA_PATH/DATA_PATH/SIGN_EXTEND/SE_SELECTOR/pass1/i__70[0]  |               |                  |                7 |             16 |
|  DATA_PATH/DATA_PATH/SIGN_EXTEND/SE_SELECTOR/pass1/i__71[0]  |               |                  |                6 |             16 |
|  DATA_PATH/DATA_PATH/SIGN_EXTEND/SE_SELECTOR/pass1/i__72[0]  |               |                  |                5 |             16 |
|  DATA_PATH/DATA_PATH/SIGN_EXTEND/SE_SELECTOR/pass1/i__73[0]  |               |                  |                6 |             16 |
|  DATA_PATH/DATA_PATH/SIGN_EXTEND/SE_SELECTOR/pass1/i__74[0]  |               |                  |                6 |             16 |
|  DATA_PATH/DATA_PATH/SIGN_EXTEND/SE_SELECTOR/pass1/i__75[0]  |               |                  |                6 |             16 |
|  DATA_PATH/DATA_PATH/SIGN_EXTEND/SE_SELECTOR/pass1/i__76[0]  |               |                  |                7 |             16 |
|  DATA_PATH/DATA_PATH/SIGN_EXTEND/SE_SELECTOR/pass1/i__77[0]  |               |                  |               12 |             16 |
|  DATA_PATH/DATA_PATH/SIGN_EXTEND/SE_SELECTOR/pass1/i__78[0]  |               |                  |               10 |             16 |
|  DATA_PATH/DATA_PATH/SIGN_EXTEND/SE_SELECTOR/pass1/i__79[0]  |               |                  |                7 |             16 |
|  DATA_PATH/DATA_PATH/SIGN_EXTEND/SE_SELECTOR/pass1/i__80[0]  |               |                  |                5 |             16 |
|  DATA_PATH/DATA_PATH/SIGN_EXTEND/SE_SELECTOR/pass1/i__143[0] |               |                  |                4 |             16 |
|  DATA_PATH/DATA_PATH/SIGN_EXTEND/SE_SELECTOR/pass1/i__150[0] |               |                  |                5 |             16 |
|  DATA_PATH/DATA_PATH/SIGN_EXTEND/SE_SELECTOR/pass1/i__15[0]  |               |                  |                7 |             16 |
|  DATA_PATH/DATA_PATH/SIGN_EXTEND/SE_SELECTOR/pass1/i__149[0] |               |                  |                6 |             16 |
|  DATA_PATH/DATA_PATH/SIGN_EXTEND/SE_SELECTOR/pass1/i__148[0] |               |                  |                6 |             16 |
|  DATA_PATH/DATA_PATH/SIGN_EXTEND/SE_SELECTOR/pass1/i__147[0] |               |                  |                8 |             16 |
|  DATA_PATH/DATA_PATH/SIGN_EXTEND/SE_SELECTOR/pass1/i__146[0] |               |                  |                5 |             16 |
|  DATA_PATH/DATA_PATH/SIGN_EXTEND/SE_SELECTOR/pass1/i__145[0] |               |                  |                6 |             16 |
|  DATA_PATH/DATA_PATH/SIGN_EXTEND/SE_SELECTOR/pass1/i__144[0] |               |                  |                5 |             16 |
|  DATA_PATH/DATA_PATH/SIGN_EXTEND/SE_SELECTOR/pass1/i__151[0] |               |                  |                8 |             16 |
|  DATA_PATH/DATA_PATH/SIGN_EXTEND/SE_SELECTOR/pass1/i__141[0] |               |                  |                7 |             16 |
|  DATA_PATH/DATA_PATH/SIGN_EXTEND/SE_SELECTOR/pass1/i__140[0] |               |                  |                6 |             16 |
|  DATA_PATH/DATA_PATH/SIGN_EXTEND/SE_SELECTOR/pass1/i__139[0] |               |                  |                4 |             16 |
|  DATA_PATH/DATA_PATH/SIGN_EXTEND/SE_SELECTOR/pass1/i__138[0] |               |                  |                6 |             16 |
|  DATA_PATH/DATA_PATH/SIGN_EXTEND/SE_SELECTOR/pass1/i__137[0] |               |                  |                6 |             16 |
|  DATA_PATH/DATA_PATH/SIGN_EXTEND/SE_SELECTOR/pass1/i__136[0] |               |                  |                6 |             16 |
|  DATA_PATH/DATA_PATH/SIGN_EXTEND/SE_SELECTOR/pass1/i__135[0] |               |                  |                6 |             16 |
|  DATA_PATH/DATA_PATH/SIGN_EXTEND/SE_SELECTOR/pass1/i__134[0] |               |                  |                6 |             16 |
|  DATA_PATH/DATA_PATH/SIGN_EXTEND/SE_SELECTOR/pass1/i__152[0] |               |                  |                4 |             16 |
|  DATA_PATH/DATA_PATH/SIGN_EXTEND/SE_SELECTOR/pass1/i__153[0] |               |                  |                5 |             16 |
|  DATA_PATH/DATA_PATH/SIGN_EXTEND/SE_SELECTOR/pass1/i__154[0] |               |                  |                5 |             16 |
|  DATA_PATH/DATA_PATH/SIGN_EXTEND/SE_SELECTOR/pass1/i__155[0] |               |                  |                5 |             16 |
|  DATA_PATH/DATA_PATH/SIGN_EXTEND/SE_SELECTOR/pass1/i__156[0] |               |                  |                6 |             16 |
|  DATA_PATH/DATA_PATH/SIGN_EXTEND/SE_SELECTOR/pass1/i__157[0] |               |                  |                9 |             16 |
|  DATA_PATH/DATA_PATH/SIGN_EXTEND/SE_SELECTOR/pass1/i__159[0] |               |                  |                6 |             16 |
|  DATA_PATH/DATA_PATH/SIGN_EXTEND/SE_SELECTOR/pass1/i__16[0]  |               |                  |                8 |             16 |
|  DATA_PATH/DATA_PATH/SIGN_EXTEND/SE_SELECTOR/pass1/i__160[0] |               |                  |                6 |             16 |
|  DATA_PATH/DATA_PATH/SIGN_EXTEND/SE_SELECTOR/pass1/i__161[0] |               |                  |                8 |             16 |
|  DATA_PATH/DATA_PATH/SIGN_EXTEND/SE_SELECTOR/pass1/i__162[0] |               |                  |                4 |             16 |
|  DATA_PATH/DATA_PATH/SIGN_EXTEND/SE_SELECTOR/pass1/i__163[0] |               |                  |                5 |             16 |
|  DATA_PATH/DATA_PATH/SIGN_EXTEND/SE_SELECTOR/pass1/i__164[0] |               |                  |                6 |             16 |
|  DATA_PATH/DATA_PATH/SIGN_EXTEND/SE_SELECTOR/pass1/i__165[0] |               |                  |                6 |             16 |
|  DATA_PATH/DATA_PATH/SIGN_EXTEND/SE_SELECTOR/pass1/i__166[0] |               |                  |                6 |             16 |
|  DATA_PATH/DATA_PATH/SIGN_EXTEND/SE_SELECTOR/pass1/i__107[0] |               |                  |                7 |             16 |
|  DATA_PATH/DATA_PATH/SIGN_EXTEND/SE_SELECTOR/pass1/i__116[0] |               |                  |                5 |             16 |
|  DATA_PATH/DATA_PATH/SIGN_EXTEND/SE_SELECTOR/pass1/i__115[0] |               |                  |                6 |             16 |
|  DATA_PATH/DATA_PATH/SIGN_EXTEND/SE_SELECTOR/pass1/i__114[0] |               |                  |                7 |             16 |
|  DATA_PATH/DATA_PATH/SIGN_EXTEND/SE_SELECTOR/pass1/i__113[0] |               |                  |                6 |             16 |
|  DATA_PATH/DATA_PATH/SIGN_EXTEND/SE_SELECTOR/pass1/i__112[0] |               |                  |                4 |             16 |
|  DATA_PATH/DATA_PATH/SIGN_EXTEND/SE_SELECTOR/pass1/i__111[0] |               |                  |                5 |             16 |
|  DATA_PATH/DATA_PATH/SIGN_EXTEND/SE_SELECTOR/pass1/i__110[0] |               |                  |               10 |             16 |
|  DATA_PATH/DATA_PATH/SIGN_EXTEND/SE_SELECTOR/pass1/i__109[0] |               |                  |                9 |             16 |
|  DATA_PATH/DATA_PATH/SIGN_EXTEND/SE_SELECTOR/pass1/i__117[0] |               |                  |                6 |             16 |
|  DATA_PATH/DATA_PATH/SIGN_EXTEND/SE_SELECTOR/pass1/i__106[0] |               |                  |                7 |             16 |
|  DATA_PATH/DATA_PATH/SIGN_EXTEND/SE_SELECTOR/pass1/i__105[0] |               |                  |                5 |             16 |
|  DATA_PATH/DATA_PATH/SIGN_EXTEND/SE_SELECTOR/pass1/i__104[0] |               |                  |                6 |             16 |
|  DATA_PATH/DATA_PATH/SIGN_EXTEND/SE_SELECTOR/pass1/i__103[0] |               |                  |                6 |             16 |
|  DATA_PATH/DATA_PATH/SIGN_EXTEND/SE_SELECTOR/pass1/i__102[0] |               |                  |                7 |             16 |
|  DATA_PATH/DATA_PATH/SIGN_EXTEND/SE_SELECTOR/pass1/i__101[0] |               |                  |                9 |             16 |
|  DATA_PATH/DATA_PATH/SIGN_EXTEND/SE_SELECTOR/pass1/i__100[0] |               |                  |                6 |             16 |
|  DATA_PATH/DATA_PATH/SIGN_EXTEND/SE_SELECTOR/pass1/i__167[0] |               |                  |                5 |             16 |
|  DATA_PATH/DATA_PATH/SIGN_EXTEND/SE_SELECTOR/pass1/i__118[0] |               |                  |                6 |             16 |
|  DATA_PATH/DATA_PATH/SIGN_EXTEND/SE_SELECTOR/pass1/i__119[0] |               |                  |                7 |             16 |
|  DATA_PATH/DATA_PATH/SIGN_EXTEND/SE_SELECTOR/pass1/i__120[0] |               |                  |                4 |             16 |
|  DATA_PATH/DATA_PATH/SIGN_EXTEND/SE_SELECTOR/pass1/i__121[0] |               |                  |                4 |             16 |
|  DATA_PATH/DATA_PATH/SIGN_EXTEND/SE_SELECTOR/pass1/i__123[0] |               |                  |                4 |             16 |
|  DATA_PATH/DATA_PATH/SIGN_EXTEND/SE_SELECTOR/pass1/i__124[0] |               |                  |               10 |             16 |
|  DATA_PATH/DATA_PATH/SIGN_EXTEND/SE_SELECTOR/pass1/i__125[0] |               |                  |                8 |             16 |
|  DATA_PATH/DATA_PATH/SIGN_EXTEND/SE_SELECTOR/pass1/i__126[0] |               |                  |               10 |             16 |
|  DATA_PATH/DATA_PATH/SIGN_EXTEND/SE_SELECTOR/pass1/i__127[0] |               |                  |                9 |             16 |
|  DATA_PATH/DATA_PATH/SIGN_EXTEND/SE_SELECTOR/pass1/i__128[0] |               |                  |                7 |             16 |
|  DATA_PATH/DATA_PATH/SIGN_EXTEND/SE_SELECTOR/pass1/i__129[0] |               |                  |                8 |             16 |
|  DATA_PATH/DATA_PATH/SIGN_EXTEND/SE_SELECTOR/pass1/i__130[0] |               |                  |               10 |             16 |
|  DATA_PATH/DATA_PATH/SIGN_EXTEND/SE_SELECTOR/pass1/i__131[0] |               |                  |                5 |             16 |
|  DATA_PATH/DATA_PATH/SIGN_EXTEND/SE_SELECTOR/pass1/i__132[0] |               |                  |                6 |             16 |
|  DATA_PATH/DATA_PATH/SIGN_EXTEND/SE_SELECTOR/pass1/i__133[0] |               |                  |                5 |             16 |
|  DATA_PATH/DATA_PATH/SIGN_EXTEND/SE_SELECTOR/pass1/i__207[0] |               |                  |                9 |             16 |
|  DATA_PATH/DATA_PATH/SIGN_EXTEND/SE_SELECTOR/pass1/i__215[0] |               |                  |                8 |             16 |
|  DATA_PATH/DATA_PATH/SIGN_EXTEND/SE_SELECTOR/pass1/i__214[0] |               |                  |                9 |             16 |
|  DATA_PATH/DATA_PATH/SIGN_EXTEND/SE_SELECTOR/pass1/i__213[0] |               |                  |                8 |             16 |
|  DATA_PATH/DATA_PATH/SIGN_EXTEND/SE_SELECTOR/pass1/i__212[0] |               |                  |                7 |             16 |
|  DATA_PATH/DATA_PATH/SIGN_EXTEND/SE_SELECTOR/pass1/i__211[0] |               |                  |                8 |             16 |
|  DATA_PATH/DATA_PATH/SIGN_EXTEND/SE_SELECTOR/pass1/i__210[0] |               |                  |                7 |             16 |
|  DATA_PATH/DATA_PATH/SIGN_EXTEND/SE_SELECTOR/pass1/i__209[0] |               |                  |                7 |             16 |
|  DATA_PATH/DATA_PATH/SIGN_EXTEND/SE_SELECTOR/pass1/i__208[0] |               |                  |                7 |             16 |
|  DATA_PATH/DATA_PATH/SIGN_EXTEND/SE_SELECTOR/pass1/i__216[0] |               |                  |                8 |             16 |
|  DATA_PATH/DATA_PATH/SIGN_EXTEND/SE_SELECTOR/pass1/i__206[0] |               |                  |               14 |             16 |
|  DATA_PATH/DATA_PATH/SIGN_EXTEND/SE_SELECTOR/pass1/i__205[0] |               |                  |                7 |             16 |
|  DATA_PATH/DATA_PATH/SIGN_EXTEND/SE_SELECTOR/pass1/i__203[0] |               |                  |                7 |             16 |
|  DATA_PATH/DATA_PATH/SIGN_EXTEND/SE_SELECTOR/pass1/i__202[0] |               |                  |                9 |             16 |
|  DATA_PATH/DATA_PATH/SIGN_EXTEND/SE_SELECTOR/pass1/i__201[0] |               |                  |                8 |             16 |
|  DATA_PATH/DATA_PATH/SIGN_EXTEND/SE_SELECTOR/pass1/i__200[0] |               |                  |                6 |             16 |
|  DATA_PATH/DATA_PATH/SIGN_EXTEND/SE_SELECTOR/pass1/i__20[0]  |               |                  |               10 |             16 |
|  DATA_PATH/DATA_PATH/SIGN_EXTEND/SE_SELECTOR/pass1/i__199[0] |               |                  |               10 |             16 |
|  DATA_PATH/DATA_PATH/SIGN_EXTEND/SE_SELECTOR/pass1/i__217[0] |               |                  |                9 |             16 |
|  DATA_PATH/DATA_PATH/SIGN_EXTEND/SE_SELECTOR/pass1/i__218[0] |               |                  |                8 |             16 |
|  DATA_PATH/DATA_PATH/SIGN_EXTEND/SE_SELECTOR/pass1/i__219[0] |               |                  |                6 |             16 |
|  DATA_PATH/DATA_PATH/SIGN_EXTEND/SE_SELECTOR/pass1/i__220[0] |               |                  |                6 |             16 |
|  DATA_PATH/DATA_PATH/SIGN_EXTEND/SE_SELECTOR/pass1/i__222[0] |               |                  |               14 |             16 |
|  DATA_PATH/DATA_PATH/SIGN_EXTEND/SE_SELECTOR/pass1/i__223[0] |               |                  |                5 |             16 |
|  DATA_PATH/DATA_PATH/SIGN_EXTEND/SE_SELECTOR/pass1/i__224[0] |               |                  |                4 |             16 |
|  DATA_PATH/DATA_PATH/SIGN_EXTEND/SE_SELECTOR/pass1/i__225[0] |               |                  |                6 |             16 |
|  DATA_PATH/DATA_PATH/SIGN_EXTEND/SE_SELECTOR/pass1/i__226[0] |               |                  |                6 |             16 |
|  DATA_PATH/DATA_PATH/SIGN_EXTEND/SE_SELECTOR/pass1/i__227[0] |               |                  |                4 |             16 |
|  DATA_PATH/DATA_PATH/SIGN_EXTEND/SE_SELECTOR/pass1/i__228[0] |               |                  |                7 |             16 |
|  DATA_PATH/DATA_PATH/SIGN_EXTEND/SE_SELECTOR/pass1/i__229[0] |               |                  |                7 |             16 |
|  DATA_PATH/DATA_PATH/SIGN_EXTEND/SE_SELECTOR/pass1/i__230[0] |               |                  |                7 |             16 |
|  DATA_PATH/DATA_PATH/SIGN_EXTEND/SE_SELECTOR/pass1/i__231[0] |               |                  |                8 |             16 |
|  DATA_PATH/DATA_PATH/SIGN_EXTEND/SE_SELECTOR/pass1/i__232[0] |               |                  |               10 |             16 |
|  DATA_PATH/DATA_PATH/SIGN_EXTEND/SE_SELECTOR/pass1/i__175[0] |               |                  |                6 |             16 |
|  DATA_PATH/DATA_PATH/SIGN_EXTEND/SE_SELECTOR/pass1/i__182[0] |               |                  |                5 |             16 |
|  DATA_PATH/DATA_PATH/SIGN_EXTEND/SE_SELECTOR/pass1/i__181[0] |               |                  |                5 |             16 |
|  DATA_PATH/DATA_PATH/SIGN_EXTEND/SE_SELECTOR/pass1/i__180[0] |               |                  |                6 |             16 |
|  DATA_PATH/DATA_PATH/SIGN_EXTEND/SE_SELECTOR/pass1/i__18[0]  |               |                  |                9 |             16 |
|  DATA_PATH/DATA_PATH/SIGN_EXTEND/SE_SELECTOR/pass1/i__179[0] |               |                  |                8 |             16 |
|  DATA_PATH/DATA_PATH/SIGN_EXTEND/SE_SELECTOR/pass1/i__178[0] |               |                  |                7 |             16 |
|  DATA_PATH/DATA_PATH/SIGN_EXTEND/SE_SELECTOR/pass1/i__177[0] |               |                  |                8 |             16 |
|  DATA_PATH/DATA_PATH/SIGN_EXTEND/SE_SELECTOR/pass1/i__176[0] |               |                  |                5 |             16 |
|  DATA_PATH/DATA_PATH/SIGN_EXTEND/SE_SELECTOR/pass1/i__183[0] |               |                  |                5 |             16 |
|  DATA_PATH/DATA_PATH/SIGN_EXTEND/SE_SELECTOR/pass1/i__174[0] |               |                  |                9 |             16 |
|  DATA_PATH/DATA_PATH/SIGN_EXTEND/SE_SELECTOR/pass1/i__172[0] |               |                  |                8 |             16 |
|  DATA_PATH/DATA_PATH/SIGN_EXTEND/SE_SELECTOR/pass1/i__171[0] |               |                  |                6 |             16 |
|  DATA_PATH/DATA_PATH/SIGN_EXTEND/SE_SELECTOR/pass1/i__170[0] |               |                  |                8 |             16 |
|  DATA_PATH/DATA_PATH/SIGN_EXTEND/SE_SELECTOR/pass1/i__17[0]  |               |                  |                7 |             16 |
|  DATA_PATH/DATA_PATH/SIGN_EXTEND/SE_SELECTOR/pass1/i__169[0] |               |                  |                6 |             16 |
|  DATA_PATH/DATA_PATH/SIGN_EXTEND/SE_SELECTOR/pass1/i__168[0] |               |                  |                6 |             16 |
|  DATA_PATH/DATA_PATH/SIGN_EXTEND/SE_SELECTOR/E[0]            |               |                  |                9 |             16 |
|  DATA_PATH/DATA_PATH/SIGN_EXTEND/SE_SELECTOR/pass1/i__184[0] |               |                  |               10 |             16 |
|  DATA_PATH/DATA_PATH/SIGN_EXTEND/SE_SELECTOR/pass1/i__185[0] |               |                  |                5 |             16 |
|  DATA_PATH/DATA_PATH/SIGN_EXTEND/SE_SELECTOR/pass1/i__186[0] |               |                  |                6 |             16 |
|  DATA_PATH/DATA_PATH/SIGN_EXTEND/SE_SELECTOR/pass1/i__187[0] |               |                  |                5 |             16 |
|  DATA_PATH/DATA_PATH/SIGN_EXTEND/SE_SELECTOR/pass1/i__188[0] |               |                  |                7 |             16 |
|  DATA_PATH/DATA_PATH/SIGN_EXTEND/SE_SELECTOR/pass1/i__19[0]  |               |                  |                8 |             16 |
|  DATA_PATH/DATA_PATH/SIGN_EXTEND/SE_SELECTOR/pass1/i__190[0] |               |                  |               11 |             16 |
|  DATA_PATH/DATA_PATH/SIGN_EXTEND/SE_SELECTOR/pass1/i__191[0] |               |                  |                4 |             16 |
|  DATA_PATH/DATA_PATH/SIGN_EXTEND/SE_SELECTOR/pass1/i__192[0] |               |                  |                6 |             16 |
|  DATA_PATH/DATA_PATH/SIGN_EXTEND/SE_SELECTOR/pass1/i__193[0] |               |                  |                8 |             16 |
|  DATA_PATH/DATA_PATH/SIGN_EXTEND/SE_SELECTOR/pass1/i__194[0] |               |                  |                7 |             16 |
|  DATA_PATH/DATA_PATH/SIGN_EXTEND/SE_SELECTOR/pass1/i__195[0] |               |                  |                7 |             16 |
|  DATA_PATH/DATA_PATH/SIGN_EXTEND/SE_SELECTOR/pass1/i__196[0] |               |                  |                4 |             16 |
|  DATA_PATH/DATA_PATH/SIGN_EXTEND/SE_SELECTOR/pass1/i__197[0] |               |                  |                5 |             16 |
|  DATA_PATH/DATA_PATH/SIGN_EXTEND/SE_SELECTOR/pass1/i__198[0] |               |                  |                6 |             16 |
+--------------------------------------------------------------+---------------+------------------+------------------+----------------+


