Copyright 1986-2019 Xilinx, Inc. All Rights Reserved.
-----------------------------------------------------------------------------------------------------------
| Tool Version : Vivado v.2019.2 (lin64) Build 2708876 Wed Nov  6 21:39:14 MST 2019
| Date         : Fri Nov 27 15:50:14 2020
| Host         : chrispy-desktop running 64-bit Ubuntu 20.04.1 LTS
| Command      : report_control_sets -verbose -file processor_board_implementation_control_sets_placed.rpt
| Design       : processor_board_implementation
| Device       : xc7a35t
-----------------------------------------------------------------------------------------------------------

Control Set Information

Table of Contents
-----------------
1. Summary
2. Histogram
3. Flip-Flop Distribution
4. Detailed Control Set Information

1. Summary
----------

+----------------------------------------------------------+-------+
|                          Status                          | Count |
+----------------------------------------------------------+-------+
| Total control sets                                       |   268 |
|    Minimum number of control sets                        |   268 |
|    Addition due to synthesis replication                 |     0 |
|    Addition due to physical synthesis replication        |     0 |
| Unused register locations in slices containing registers |     5 |
+----------------------------------------------------------+-------+
* Control sets can be merged at opt_design using control_set_merge or merge_equivalent_drivers
** Run report_qor_suggestions for automated merging and remapping suggestions


2. Histogram
------------

+--------------------+-------+
|       Fanout       | Count |
+--------------------+-------+
| Total control sets |   268 |
| >= 0 to < 4        |     0 |
| >= 4 to < 6        |     1 |
| >= 6 to < 8        |     0 |
| >= 8 to < 10       |     0 |
| >= 10 to < 12      |     0 |
| >= 12 to < 14      |     0 |
| >= 14 to < 16      |     1 |
| >= 16              |   266 |
+--------------------+-------+
* Control sets can be remapped at either synth_design or opt_design


3. Flip-Flop Distribution
-------------------------

+--------------+-----------------------+------------------------+-----------------+--------------+
| Clock Enable | Synchronous Set/Reset | Asynchronous Set/Reset | Total Registers | Total Slices |
+--------------+-----------------------+------------------------+-----------------+--------------+
| No           | No                    | No                     |               4 |            4 |
| No           | No                    | Yes                    |              16 |            4 |
| No           | Yes                   | No                     |              71 |           18 |
| Yes          | No                    | No                     |               0 |            0 |
| Yes          | No                    | Yes                    |            4208 |         1981 |
| Yes          | Yes                   | No                     |               0 |            0 |
+--------------+-----------------------+------------------------+-----------------+--------------+


4. Detailed Control Set Information
-----------------------------------

+---------------------+----------------------------------------------------------+--------------------+------------------+----------------+
|     Clock Signal    |                       Enable Signal                      |  Set/Reset Signal  | Slice Load Count | Bel Load Count |
+---------------------+----------------------------------------------------------+--------------------+------------------+----------------+
|  clk_in_IBUF_BUFG   |                                                          |                    |                4 |              4 |
|  clk_in_IBUF_BUFG   |                                                          | DISP_CLK_GEN/sclki |                4 |             15 |
|  processor_clk_BUFG | PROCESSOR/DATA_PATH/PC_LOOP/PC/RAM[79][15]_i_3_2[0]      | btnC_IBUF          |                9 |             16 |
|  processor_clk_BUFG | PROCESSOR/DATA_PATH/PC_LOOP/PC/RAM[66][15]_i_2_0[0]      | btnC_IBUF          |                7 |             16 |
|  processor_clk_BUFG | PROCESSOR/DATA_PATH/PC_LOOP/PC/RAM[79][15]_i_3_14[0]     | btnC_IBUF          |               12 |             16 |
|  processor_clk_BUFG | PROCESSOR/DATA_PATH/PC_LOOP/PC/RAM[79][15]_i_3_13[0]     | btnC_IBUF          |                6 |             16 |
|  processor_clk_BUFG | PROCESSOR/DATA_PATH/PC_LOOP/PC/RAM[79][15]_i_3_12[0]     | btnC_IBUF          |                8 |             16 |
|  processor_clk_BUFG | PROCESSOR/DATA_PATH/PC_LOOP/PC/RAM[79][15]_i_3_11[0]     | btnC_IBUF          |                4 |             16 |
|  processor_clk_BUFG | PROCESSOR/DATA_PATH/PC_LOOP/PC/RAM[79][15]_i_3_10[0]     | btnC_IBUF          |                4 |             16 |
|  processor_clk_BUFG | PROCESSOR/DATA_PATH/PC_LOOP/PC/RAM[79][15]_i_3_1[0]      | btnC_IBUF          |                9 |             16 |
|  processor_clk_BUFG | PROCESSOR/DATA_PATH/PC_LOOP/PC/RAM[79][15]_i_3_0[0]      | btnC_IBUF          |               12 |             16 |
|  processor_clk_BUFG | PROCESSOR/DATA_PATH/PC_LOOP/PC/RAM[74][15]_i_2_1[0]      | btnC_IBUF          |                9 |             16 |
|  processor_clk_BUFG | PROCESSOR/DATA_PATH/PC_LOOP/PC/RAM[74][15]_i_2_0[0]      | btnC_IBUF          |                6 |             16 |
|  processor_clk_BUFG | PROCESSOR/DATA_PATH/PC_LOOP/PC/RAM[67][15]_i_2_3[0]      | btnC_IBUF          |                9 |             16 |
|  processor_clk_BUFG | PROCESSOR/DATA_PATH/PC_LOOP/PC/RAM[67][15]_i_2_1[0]      | btnC_IBUF          |               10 |             16 |
|  processor_clk_BUFG | PROCESSOR/DATA_PATH/PC_LOOP/PC/RAM[67][15]_i_2_0[0]      | btnC_IBUF          |                5 |             16 |
|  processor_clk_BUFG | PROCESSOR/DATA_PATH/PC_LOOP/PC/RAM[66][15]_i_2_2[0]      | btnC_IBUF          |                6 |             16 |
|  processor_clk_BUFG | PROCESSOR/DATA_PATH/PC_LOOP/PC/RAM[66][15]_i_2_1[0]      | btnC_IBUF          |                6 |             16 |
|  processor_clk_BUFG | PROCESSOR/DATA_PATH/PC_LOOP/PC/RAM[80][15]_i_2_4[0]      | btnC_IBUF          |                9 |             16 |
|  processor_clk_BUFG | PROCESSOR/DATA_PATH/PC_LOOP/PC/RAM[79][15]_i_3_3[0]      | btnC_IBUF          |                9 |             16 |
|  processor_clk_BUFG | PROCESSOR/DATA_PATH/PC_LOOP/PC/RAM[79][15]_i_3_4[0]      | btnC_IBUF          |                7 |             16 |
|  processor_clk_BUFG | PROCESSOR/DATA_PATH/PC_LOOP/PC/RAM[79][15]_i_3_5[0]      | btnC_IBUF          |                3 |             16 |
|  processor_clk_BUFG | PROCESSOR/DATA_PATH/PC_LOOP/PC/RAM[79][15]_i_3_6[0]      | btnC_IBUF          |                4 |             16 |
|  processor_clk_BUFG | PROCESSOR/DATA_PATH/PC_LOOP/PC/RAM[79][15]_i_3_7[0]      | btnC_IBUF          |                4 |             16 |
|  processor_clk_BUFG | PROCESSOR/DATA_PATH/PC_LOOP/PC/RAM[79][15]_i_3_9[0]      | btnC_IBUF          |               10 |             16 |
|  processor_clk_BUFG | PROCESSOR/DATA_PATH/PC_LOOP/PC/RAM[80][15]_i_2_0[0]      | btnC_IBUF          |               12 |             16 |
|  processor_clk_BUFG | PROCESSOR/DATA_PATH/PC_LOOP/PC/RAM[80][15]_i_2_1[0]      | btnC_IBUF          |                3 |             16 |
|  processor_clk_BUFG | PROCESSOR/DATA_PATH/PC_LOOP/PC/RAM[80][15]_i_2_10[0]     | btnC_IBUF          |                4 |             16 |
|  processor_clk_BUFG | PROCESSOR/DATA_PATH/PC_LOOP/PC/RAM[80][15]_i_2_11[0]     | btnC_IBUF          |                6 |             16 |
|  processor_clk_BUFG | PROCESSOR/DATA_PATH/PC_LOOP/PC/RAM[80][15]_i_2_12[0]     | btnC_IBUF          |               10 |             16 |
|  processor_clk_BUFG | PROCESSOR/DATA_PATH/PC_LOOP/PC/RAM[80][15]_i_2_13[0]     | btnC_IBUF          |                6 |             16 |
|  processor_clk_BUFG | PROCESSOR/DATA_PATH/PC_LOOP/PC/RAM[80][15]_i_2_14[0]     | btnC_IBUF          |                7 |             16 |
|  processor_clk_BUFG | PROCESSOR/DATA_PATH/PC_LOOP/PC/RAM[80][15]_i_2_2[0]      | btnC_IBUF          |                7 |             16 |
|  processor_clk_BUFG | PROCESSOR/DATA_PATH/PC_LOOP/PC/RAM[80][15]_i_2_3[0]      | btnC_IBUF          |               12 |             16 |
|  processor_clk_BUFG | PROCESSOR/DATA_PATH/PC_LOOP/PC/RAM[80][15]_i_2_6[0]      | btnC_IBUF          |                4 |             16 |
|  processor_clk_BUFG | PROCESSOR/DATA_PATH/PC_LOOP/PC/RAM[64][15]_i_5_10[0]     | btnC_IBUF          |                6 |             16 |
|  processor_clk_BUFG | PROCESSOR/DATA_PATH/PC_LOOP/PC/RAM[64][15]_i_5_18[0]     | btnC_IBUF          |                8 |             16 |
|  processor_clk_BUFG | PROCESSOR/DATA_PATH/PC_LOOP/PC/RAM[64][15]_i_5_17[0]     | btnC_IBUF          |                3 |             16 |
|  processor_clk_BUFG | PROCESSOR/DATA_PATH/PC_LOOP/PC/RAM[64][15]_i_5_16[0]     | btnC_IBUF          |                4 |             16 |
|  processor_clk_BUFG | PROCESSOR/DATA_PATH/PC_LOOP/PC/RAM[64][15]_i_5_15[0]     | btnC_IBUF          |                6 |             16 |
|  processor_clk_BUFG | PROCESSOR/DATA_PATH/PC_LOOP/PC/RAM[64][15]_i_5_14[0]     | btnC_IBUF          |                5 |             16 |
|  processor_clk_BUFG | PROCESSOR/DATA_PATH/PC_LOOP/PC/RAM[64][15]_i_5_13[0]     | btnC_IBUF          |                9 |             16 |
|  processor_clk_BUFG | PROCESSOR/DATA_PATH/PC_LOOP/PC/RAM[64][15]_i_5_12[0]     | btnC_IBUF          |                9 |             16 |
|  processor_clk_BUFG | PROCESSOR/DATA_PATH/PC_LOOP/PC/RAM[64][15]_i_5_11[0]     | btnC_IBUF          |                5 |             16 |
|  processor_clk_BUFG | PROCESSOR/DATA_PATH/PC_LOOP/PC/RAM[64][15]_i_5_19[0]     | btnC_IBUF          |                9 |             16 |
|  processor_clk_BUFG | PROCESSOR/DATA_PATH/PC_LOOP/PC/RAM[64][15]_i_5_1[0]      | btnC_IBUF          |                8 |             16 |
|  processor_clk_BUFG | PROCESSOR/DATA_PATH/PC_LOOP/PC/RAM[64][15]_i_3_5[0]      | btnC_IBUF          |                6 |             16 |
|  processor_clk_BUFG | PROCESSOR/DATA_PATH/PC_LOOP/PC/RAM[64][15]_i_3_4[0]      | btnC_IBUF          |               10 |             16 |
|  processor_clk_BUFG | PROCESSOR/DATA_PATH/PC_LOOP/PC/RAM[64][15]_i_3_3[0]      | btnC_IBUF          |                7 |             16 |
|  processor_clk_BUFG | PROCESSOR/DATA_PATH/PC_LOOP/PC/RAM[64][15]_i_3_2[0]      | btnC_IBUF          |                4 |             16 |
|  processor_clk_BUFG | PROCESSOR/DATA_PATH/PC_LOOP/PC/RAM[64][15]_i_3_1[0]      | btnC_IBUF          |                5 |             16 |
|  processor_clk_BUFG | PROCESSOR/DATA_PATH/PC_LOOP/PC/RAM[64][15]_i_3_0[0]      | btnC_IBUF          |                8 |             16 |
|  processor_clk_BUFG | PROCESSOR/DATA_PATH/PC_LOOP/PC/RAM[65][15]_i_3_5[0]      | btnC_IBUF          |                6 |             16 |
|  processor_clk_BUFG | PROCESSOR/DATA_PATH/PC_LOOP/PC/RAM[64][15]_i_5_2[0]      | btnC_IBUF          |                6 |             16 |
|  processor_clk_BUFG | PROCESSOR/DATA_PATH/PC_LOOP/PC/RAM[64][15]_i_5_20[0]     | btnC_IBUF          |                6 |             16 |
|  processor_clk_BUFG | PROCESSOR/DATA_PATH/PC_LOOP/PC/RAM[64][15]_i_5_21[0]     | btnC_IBUF          |                3 |             16 |
|  processor_clk_BUFG | PROCESSOR/DATA_PATH/PC_LOOP/PC/RAM[64][15]_i_5_22[0]     | btnC_IBUF          |                5 |             16 |
|  processor_clk_BUFG | PROCESSOR/DATA_PATH/PC_LOOP/PC/RAM[64][15]_i_5_3[0]      | btnC_IBUF          |                6 |             16 |
|  processor_clk_BUFG | PROCESSOR/DATA_PATH/PC_LOOP/PC/RAM[64][15]_i_5_5[0]      | btnC_IBUF          |                8 |             16 |
|  processor_clk_BUFG | PROCESSOR/DATA_PATH/PC_LOOP/PC/RAM[64][15]_i_5_6[0]      | btnC_IBUF          |               12 |             16 |
|  processor_clk_BUFG | PROCESSOR/DATA_PATH/PC_LOOP/PC/RAM[64][15]_i_5_7[0]      | btnC_IBUF          |                3 |             16 |
|  processor_clk_BUFG | PROCESSOR/DATA_PATH/PC_LOOP/PC/RAM[64][15]_i_5_8[0]      | btnC_IBUF          |                6 |             16 |
|  processor_clk_BUFG | PROCESSOR/DATA_PATH/PC_LOOP/PC/RAM[64][15]_i_5_9[0]      | btnC_IBUF          |                9 |             16 |
|  processor_clk_BUFG | PROCESSOR/DATA_PATH/PC_LOOP/PC/RAM[65][15]_i_3_0[0]      | btnC_IBUF          |                9 |             16 |
|  processor_clk_BUFG | PROCESSOR/DATA_PATH/PC_LOOP/PC/RAM[65][15]_i_3_1[0]      | btnC_IBUF          |                8 |             16 |
|  processor_clk_BUFG | PROCESSOR/DATA_PATH/PC_LOOP/PC/RAM[65][15]_i_3_2[0]      | btnC_IBUF          |               10 |             16 |
|  processor_clk_BUFG | PROCESSOR/DATA_PATH/PC_LOOP/PC/RAM[65][15]_i_3_3[0]      | btnC_IBUF          |                4 |             16 |
|  processor_clk_BUFG | PROCESSOR/DATA_PATH/PC_LOOP/PC/RAM[65][15]_i_3_4[0]      | btnC_IBUF          |                6 |             16 |
|  processor_clk_BUFG | PROCESSOR/DATA_PATH/PC_LOOP/PC/RAM_reg[31][15]_i_3_13[0] | btnC_IBUF          |               10 |             16 |
|  processor_clk_BUFG | PROCESSOR/DATA_PATH/PC_LOOP/PC/RAM_reg[31][15]_i_3_8[0]  | btnC_IBUF          |                4 |             16 |
|  processor_clk_BUFG | PROCESSOR/DATA_PATH/PC_LOOP/PC/RAM_reg[31][15]_i_3_7[0]  | btnC_IBUF          |               10 |             16 |
|  processor_clk_BUFG | PROCESSOR/DATA_PATH/PC_LOOP/PC/RAM_reg[31][15]_i_3_6[0]  | btnC_IBUF          |                6 |             16 |
|  processor_clk_BUFG | PROCESSOR/DATA_PATH/PC_LOOP/PC/RAM_reg[31][15]_i_3_5[0]  | btnC_IBUF          |                7 |             16 |
|  processor_clk_BUFG | PROCESSOR/DATA_PATH/PC_LOOP/PC/RAM_reg[31][15]_i_3_4[0]  | btnC_IBUF          |                4 |             16 |
|  processor_clk_BUFG | PROCESSOR/DATA_PATH/PC_LOOP/PC/RAM_reg[31][15]_i_3_3[0]  | btnC_IBUF          |                3 |             16 |
|  processor_clk_BUFG | PROCESSOR/DATA_PATH/PC_LOOP/PC/RAM_reg[31][15]_i_3_2[0]  | btnC_IBUF          |                6 |             16 |
|  processor_clk_BUFG | PROCESSOR/DATA_PATH/PC_LOOP/PC/RAM_reg[31][15]_i_3_14[0] | btnC_IBUF          |                5 |             16 |
|  processor_clk_BUFG | PROCESSOR/DATA_PATH/PC_LOOP/PC/RAM_reg[31][15]_i_3_9[0]  | btnC_IBUF          |               12 |             16 |
|  processor_clk_BUFG | PROCESSOR/DATA_PATH/PC_LOOP/PC/RAM_reg[31][15]_i_3_12[0] | btnC_IBUF          |                6 |             16 |
|  processor_clk_BUFG | PROCESSOR/DATA_PATH/PC_LOOP/PC/RAM_reg[31][15]_i_3_11[0] | btnC_IBUF          |                5 |             16 |
|  processor_clk_BUFG | PROCESSOR/DATA_PATH/PC_LOOP/PC/RAM_reg[31][15]_i_3_10[0] | btnC_IBUF          |                7 |             16 |
|  processor_clk_BUFG | PROCESSOR/DATA_PATH/PC_LOOP/PC/RAM_reg[31][15]_i_3_1[0]  | btnC_IBUF          |                7 |             16 |
|  processor_clk_BUFG | PROCESSOR/DATA_PATH/PC_LOOP/PC/RAM_reg[16][15]_i_3_0[0]  | btnC_IBUF          |               12 |             16 |
|  processor_clk_BUFG | PROCESSOR/DATA_PATH/PC_LOOP/PC/RAM_reg[0][15]_i_7_9[0]   | btnC_IBUF          |                7 |             16 |
|  processor_clk_BUFG | PROCESSOR/DATA_PATH/PC_LOOP/PC/RAM_reg[0][15]_i_7_8[0]   | btnC_IBUF          |                5 |             16 |
|  processor_clk_BUFG | PROCESSOR/DATA_PATH/PC_LOOP/PC/RAM[39][15]_i_2_0[0]      | btnC_IBUF          |                6 |             16 |
|  processor_clk_BUFG | PROCESSOR/DATA_PATH/PC_LOOP/PC/reg_block[1][15]_i_4_0[0] | btnC_IBUF          |                8 |             16 |
|  processor_clk_BUFG | PROCESSOR/DATA_PATH/PC_LOOP/PC/RAM_reg[31][15]_i_3_0[0]  | btnC_IBUF          |                8 |             16 |
|  processor_clk_BUFG | PROCESSOR/DATA_PATH/PC_LOOP/PC/RAM_reg[0][15]_i_7_0[0]   | btnC_IBUF          |                7 |             16 |
|  processor_clk_BUFG | PROCESSOR/DATA_PATH/PC_LOOP/PC/RAM[83][15]_i_2_0[0]      | btnC_IBUF          |                7 |             16 |
|  processor_clk_BUFG | PROCESSOR/DATA_PATH/PC_LOOP/PC/RAM[79][15]_i_3_8[0]      | btnC_IBUF          |               10 |             16 |
|  processor_clk_BUFG | PROCESSOR/DATA_PATH/PC_LOOP/PC/RAM[67][15]_i_2_2[0]      | btnC_IBUF          |                7 |             16 |
|  processor_clk_BUFG | PROCESSOR/DATA_PATH/PC_LOOP/PC/RAM[64][15]_i_5_4[0]      | btnC_IBUF          |                7 |             16 |
|  processor_clk_BUFG | PROCESSOR/DATA_PATH/PC_LOOP/PC/RAM[64][15]_i_5_0[0]      | btnC_IBUF          |               11 |             16 |
|  processor_clk_BUFG | PROCESSOR/DATA_PATH/PC_LOOP/PC/RAM_reg[0][15]_i_7_7[0]   | btnC_IBUF          |               10 |             16 |
|  processor_clk_BUFG | PROCESSOR/DATA_PATH/PC_LOOP/PC/RAM[23][15]_i_3_0[0]      | btnC_IBUF          |                5 |             16 |
|  processor_clk_BUFG | PROCESSOR/DATA_PATH/PC_LOOP/PC/RAM[17][15]_i_2_0[0]      | btnC_IBUF          |                6 |             16 |
|  processor_clk_BUFG | PROCESSOR/DATA_PATH/PC_LOOP/PC/RAM[144][15]_i_2_4[0]     | btnC_IBUF          |                7 |             16 |
|  processor_clk_BUFG | PROCESSOR/DATA_PATH/PC_LOOP/PC/RAM[129][15]_i_3_4[0]     | btnC_IBUF          |                8 |             16 |
|  processor_clk_BUFG | PROCESSOR/DATA_PATH/PC_LOOP/PC/RAM[0][15]_i_8_6[0]       | btnC_IBUF          |                6 |             16 |
|  processor_clk_BUFG | PROCESSOR/DATA_PATH/PC_LOOP/PC/RAM[0][15]_i_6_5[0]       | btnC_IBUF          |                7 |             16 |
|  processor_clk_BUFG | PROCESSOR/DATA_PATH/PC_LOOP/PC/RAM[0][15]_i_6_11[0]      | btnC_IBUF          |                4 |             16 |
|  processor_clk_BUFG | PROCESSOR/DATA_PATH/PC_LOOP/PC/RAM[96][15]_i_2_1[0]      | btnC_IBUF          |                5 |             16 |
|  processor_clk_BUFG | PROCESSOR/DATA_PATH/PC_LOOP/PC/RAM_reg[0][15]_i_4_2[0]   | btnC_IBUF          |                8 |             16 |
|  processor_clk_BUFG | PROCESSOR/DATA_PATH/PC_LOOP/PC/RAM_reg[0][15]_i_4_1[0]   | btnC_IBUF          |                6 |             16 |
|  processor_clk_BUFG | PROCESSOR/DATA_PATH/PC_LOOP/PC/RAM_reg[0][15]_i_4_0[0]   | btnC_IBUF          |                9 |             16 |
|  processor_clk_BUFG | PROCESSOR/DATA_PATH/PC_LOOP/PC/RAM[99][15]_i_2_1[0]      | btnC_IBUF          |                6 |             16 |
|  processor_clk_BUFG | PROCESSOR/DATA_PATH/PC_LOOP/PC/RAM[99][15]_i_2_0[0]      | btnC_IBUF          |               11 |             16 |
|  processor_clk_BUFG | PROCESSOR/DATA_PATH/PC_LOOP/PC/RAM[96][15]_i_2_4[0]      | btnC_IBUF          |                7 |             16 |
|  processor_clk_BUFG | PROCESSOR/DATA_PATH/PC_LOOP/PC/RAM[96][15]_i_2_3[0]      | btnC_IBUF          |                5 |             16 |
|  processor_clk_BUFG | PROCESSOR/DATA_PATH/PC_LOOP/PC/RAM[96][15]_i_2_2[0]      | btnC_IBUF          |                8 |             16 |
|  processor_clk_BUFG | PROCESSOR/DATA_PATH/PC_LOOP/PC/RAM_reg[0][15]_i_4_3[0]   | btnC_IBUF          |                5 |             16 |
|  processor_clk_BUFG | PROCESSOR/DATA_PATH/PC_LOOP/PC/RAM[96][15]_i_2_0[0]      | btnC_IBUF          |               10 |             16 |
|  processor_clk_BUFG | PROCESSOR/DATA_PATH/PC_LOOP/PC/RAM[83][15]_i_2_2[0]      | btnC_IBUF          |               10 |             16 |
|  processor_clk_BUFG | PROCESSOR/DATA_PATH/PC_LOOP/PC/RAM[83][15]_i_2_1[0]      | btnC_IBUF          |                4 |             16 |
|  processor_clk_BUFG | PROCESSOR/DATA_PATH/PC_LOOP/PC/RAM[80][15]_i_2_9[0]      | btnC_IBUF          |                5 |             16 |
|  processor_clk_BUFG | PROCESSOR/DATA_PATH/PC_LOOP/PC/RAM[80][15]_i_2_8[0]      | btnC_IBUF          |                9 |             16 |
|  processor_clk_BUFG | PROCESSOR/DATA_PATH/PC_LOOP/PC/RAM[80][15]_i_2_7[0]      | btnC_IBUF          |                7 |             16 |
|  processor_clk_BUFG | PROCESSOR/DATA_PATH/PC_LOOP/PC/RAM[56][15]_i_3_0[0]      | btnC_IBUF          |                4 |             16 |
|  processor_clk_BUFG | PROCESSOR/DATA_PATH/PC_LOOP/PC/RAM[80][15]_i_2_5[0]      | btnC_IBUF          |                7 |             16 |
|  processor_clk_BUFG | PROCESSOR/DATA_PATH/PC_LOOP/PC/RAM_reg[0][15]_i_4_4[0]   | btnC_IBUF          |                6 |             16 |
|  processor_clk_BUFG | PROCESSOR/DATA_PATH/PC_LOOP/PC/RAM_reg[0][15]_i_4_5[0]   | btnC_IBUF          |                6 |             16 |
|  processor_clk_BUFG | PROCESSOR/DATA_PATH/PC_LOOP/PC/RAM_reg[0][15]_i_5_0[0]   | btnC_IBUF          |                6 |             16 |
|  processor_clk_BUFG | PROCESSOR/DATA_PATH/PC_LOOP/PC/RAM_reg[0][15]_i_7_1[0]   | btnC_IBUF          |                8 |             16 |
|  processor_clk_BUFG | PROCESSOR/DATA_PATH/PC_LOOP/PC/RAM_reg[0][15]_i_7_10[0]  | btnC_IBUF          |                7 |             16 |
|  processor_clk_BUFG | PROCESSOR/DATA_PATH/PC_LOOP/PC/RAM_reg[0][15]_i_7_11[0]  | btnC_IBUF          |                8 |             16 |
|  processor_clk_BUFG | PROCESSOR/DATA_PATH/PC_LOOP/PC/RAM_reg[0][15]_i_7_12[0]  | btnC_IBUF          |                5 |             16 |
|  processor_clk_BUFG | PROCESSOR/DATA_PATH/PC_LOOP/PC/RAM_reg[0][15]_i_7_13[0]  | btnC_IBUF          |               10 |             16 |
|  processor_clk_BUFG | PROCESSOR/DATA_PATH/PC_LOOP/PC/RAM_reg[0][15]_i_7_14[0]  | btnC_IBUF          |                8 |             16 |
|  processor_clk_BUFG | PROCESSOR/DATA_PATH/PC_LOOP/PC/RAM_reg[0][15]_i_7_15[0]  | btnC_IBUF          |               14 |             16 |
|  processor_clk_BUFG | PROCESSOR/DATA_PATH/PC_LOOP/PC/RAM_reg[0][15]_i_7_2[0]   | btnC_IBUF          |               15 |             16 |
|  processor_clk_BUFG | PROCESSOR/DATA_PATH/PC_LOOP/PC/RAM_reg[0][15]_i_7_3[0]   | btnC_IBUF          |                8 |             16 |
|  processor_clk_BUFG | PROCESSOR/DATA_PATH/PC_LOOP/PC/RAM_reg[0][15]_i_7_4[0]   | btnC_IBUF          |                9 |             16 |
|  processor_clk_BUFG | PROCESSOR/DATA_PATH/PC_LOOP/PC/RAM_reg[0][15]_i_7_5[0]   | btnC_IBUF          |               11 |             16 |
|  processor_clk_BUFG | PROCESSOR/DATA_PATH/PC_LOOP/PC/RAM_reg[0][15]_i_7_6[0]   | btnC_IBUF          |                5 |             16 |
|  processor_clk_BUFG | PROCESSOR/DATA_PATH/PC_LOOP/PC/RAM[0][15]_i_8_4[0]       | btnC_IBUF          |                6 |             16 |
|  processor_clk_BUFG | PROCESSOR/DATA_PATH/PC_LOOP/PC/RAM[107][15]_i_2_3[0]     | btnC_IBUF          |                3 |             16 |
|  processor_clk_BUFG | PROCESSOR/DATA_PATH/PC_LOOP/PC/RAM[107][15]_i_2_2[0]     | btnC_IBUF          |                8 |             16 |
|  processor_clk_BUFG | PROCESSOR/DATA_PATH/PC_LOOP/PC/RAM[107][15]_i_2_1[0]     | btnC_IBUF          |                4 |             16 |
|  processor_clk_BUFG | PROCESSOR/DATA_PATH/PC_LOOP/PC/RAM[107][15]_i_2_0[0]     | btnC_IBUF          |                7 |             16 |
|  processor_clk_BUFG | PROCESSOR/DATA_PATH/PC_LOOP/PC/RAM[0][15]_i_8_9[0]       | btnC_IBUF          |               10 |             16 |
|  processor_clk_BUFG | PROCESSOR/DATA_PATH/PC_LOOP/PC/RAM[0][15]_i_8_8[0]       | btnC_IBUF          |                7 |             16 |
|  processor_clk_BUFG | PROCESSOR/DATA_PATH/PC_LOOP/PC/RAM[0][15]_i_8_7[0]       | btnC_IBUF          |                9 |             16 |
|  processor_clk_BUFG | PROCESSOR/DATA_PATH/PC_LOOP/PC/RAM[0][15]_i_8_5[0]       | btnC_IBUF          |                7 |             16 |
|  processor_clk_BUFG | PROCESSOR/DATA_PATH/PC_LOOP/PC/RAM[107][15]_i_2_4[0]     | btnC_IBUF          |               11 |             16 |
|  processor_clk_BUFG | PROCESSOR/DATA_PATH/PC_LOOP/PC/RAM[0][15]_i_8_3[0]       | btnC_IBUF          |                9 |             16 |
|  processor_clk_BUFG | PROCESSOR/DATA_PATH/PC_LOOP/PC/RAM[0][15]_i_8_2[0]       | btnC_IBUF          |                8 |             16 |
|  processor_clk_BUFG | PROCESSOR/DATA_PATH/PC_LOOP/PC/RAM[0][15]_i_8_15[0]      | btnC_IBUF          |                7 |             16 |
|  processor_clk_BUFG | PROCESSOR/DATA_PATH/PC_LOOP/PC/RAM[0][15]_i_8_14[0]      | btnC_IBUF          |                9 |             16 |
|  processor_clk_BUFG | PROCESSOR/DATA_PATH/PC_LOOP/PC/RAM[0][15]_i_8_13[0]      | btnC_IBUF          |                9 |             16 |
|  processor_clk_BUFG | PROCESSOR/DATA_PATH/PC_LOOP/PC/RAM[0][15]_i_8_12[0]      | btnC_IBUF          |               13 |             16 |
|  processor_clk_BUFG | PROCESSOR/DATA_PATH/PC_LOOP/PC/RAM[0][15]_i_8_11[0]      | btnC_IBUF          |                4 |             16 |
|  processor_clk_BUFG | PROCESSOR/DATA_PATH/PC_LOOP/PC/RAM[0][15]_i_8_10[0]      | btnC_IBUF          |                9 |             16 |
|  processor_clk_BUFG | PROCESSOR/DATA_PATH/PC_LOOP/PC/RAM[107][15]_i_2_5[0]     | btnC_IBUF          |                6 |             16 |
|  processor_clk_BUFG | PROCESSOR/DATA_PATH/PC_LOOP/PC/RAM[128][15]_i_3_0[0]     | btnC_IBUF          |                4 |             16 |
|  processor_clk_BUFG | PROCESSOR/DATA_PATH/PC_LOOP/PC/RAM[128][15]_i_3_1[0]     | btnC_IBUF          |                9 |             16 |
|  processor_clk_BUFG | PROCESSOR/DATA_PATH/PC_LOOP/PC/RAM[128][15]_i_3_2[0]     | btnC_IBUF          |                6 |             16 |
|  processor_clk_BUFG | PROCESSOR/DATA_PATH/PC_LOOP/PC/RAM[129][15]_i_3_0[0]     | btnC_IBUF          |                7 |             16 |
|  processor_clk_BUFG | PROCESSOR/DATA_PATH/PC_LOOP/PC/RAM[129][15]_i_3_1[0]     | btnC_IBUF          |                5 |             16 |
|  processor_clk_BUFG | PROCESSOR/DATA_PATH/PC_LOOP/PC/RAM[129][15]_i_3_2[0]     | btnC_IBUF          |                5 |             16 |
|  processor_clk_BUFG | PROCESSOR/DATA_PATH/PC_LOOP/PC/RAM[129][15]_i_3_3[0]     | btnC_IBUF          |                7 |             16 |
|  processor_clk_BUFG | PROCESSOR/DATA_PATH/PC_LOOP/PC/RAM[129][15]_i_3_5[0]     | btnC_IBUF          |               11 |             16 |
|  processor_clk_BUFG | PROCESSOR/DATA_PATH/PC_LOOP/PC/RAM[130][15]_i_2_0[0]     | btnC_IBUF          |               10 |             16 |
|  processor_clk_BUFG | PROCESSOR/DATA_PATH/PC_LOOP/PC/RAM[130][15]_i_2_1[0]     | btnC_IBUF          |                3 |             16 |
|  processor_clk_BUFG | PROCESSOR/DATA_PATH/PC_LOOP/PC/RAM[130][15]_i_2_2[0]     | btnC_IBUF          |                4 |             16 |
|  processor_clk_BUFG | PROCESSOR/DATA_PATH/PC_LOOP/PC/RAM[131][15]_i_2_0[0]     | btnC_IBUF          |                6 |             16 |
|  processor_clk_BUFG | PROCESSOR/DATA_PATH/PC_LOOP/PC/RAM[138][15]_i_2_0[0]     | btnC_IBUF          |                5 |             16 |
|  processor_clk_BUFG | PROCESSOR/DATA_PATH/PC_LOOP/PC/RAM[138][15]_i_2_1[0]     | btnC_IBUF          |                9 |             16 |
|  processor_clk_BUFG | PROCESSOR/DATA_PATH/PC_LOOP/PC/RAM[0][15]_i_6_0[0]       | btnC_IBUF          |                7 |             16 |
|  processor_clk_BUFG | PROCESSOR/DATA_PATH/PC_LOOP/PC/RAM[0][15]_i_6_17[0]      | btnC_IBUF          |                8 |             16 |
|  processor_clk_BUFG | PROCESSOR/DATA_PATH/PC_LOOP/PC/RAM[0][15]_i_6_16[0]      | btnC_IBUF          |                7 |             16 |
|  processor_clk_BUFG | PROCESSOR/DATA_PATH/PC_LOOP/PC/RAM[0][15]_i_6_15[0]      | btnC_IBUF          |                4 |             16 |
|  processor_clk_BUFG | PROCESSOR/DATA_PATH/PC_LOOP/PC/RAM[0][15]_i_6_14[0]      | btnC_IBUF          |               11 |             16 |
|  processor_clk_BUFG | PROCESSOR/DATA_PATH/PC_LOOP/PC/RAM[0][15]_i_6_13[0]      | btnC_IBUF          |                5 |             16 |
|  processor_clk_BUFG | PROCESSOR/DATA_PATH/PC_LOOP/PC/RAM[0][15]_i_6_12[0]      | btnC_IBUF          |                3 |             16 |
|  processor_clk_BUFG | PROCESSOR/DATA_PATH/PC_LOOP/PC/RAM[0][15]_i_6_10[0]      | btnC_IBUF          |                8 |             16 |
|  processor_clk_BUFG | PROCESSOR/DATA_PATH/PC_LOOP/PC/RAM[0][15]_i_6_1[0]       | btnC_IBUF          |                5 |             16 |
|  processor_clk_BUFG | PROCESSOR/DATA_PATH/PC_LOOP/PC/RAM[0][15]_i_6_18[0]      | btnC_IBUF          |                3 |             16 |
|  processor_clk_BUFG | PROCESSOR/DATA_PATH/PC_LOOP/PC/E[0]                      | btnC_IBUF          |                9 |             16 |
|  processor_clk_BUFG | PROCESSOR/DATA_PATH/PC_LOOP/PC/reg_block[1][15]_i_6_0[0] | btnC_IBUF          |               13 |             16 |
|  processor_clk_BUFG | PROCESSOR/DATA_PATH/PC_LOOP/PC/reg_block[1][15]_i_5_1[0] | btnC_IBUF          |               14 |             16 |
|  processor_clk_BUFG | PROCESSOR/DATA_PATH/PC_LOOP/PC/reg_block[1][15]_i_5_0[0] | btnC_IBUF          |               12 |             16 |
|  processor_clk_BUFG | PROCESSOR/DATA_PATH/PC_LOOP/PC/reg_block[1][15]_i_4_2[0] | btnC_IBUF          |               13 |             16 |
|  processor_clk_BUFG | PROCESSOR/DATA_PATH/PC_LOOP/PC/reg_block[1][15]_i_4_1[0] | btnC_IBUF          |               13 |             16 |
|  processor_clk_BUFG |                                                          | btnC_IBUF          |                4 |             16 |
|  processor_clk_BUFG | PROCESSOR/DATA_PATH/PC_LOOP/PC/RAM[48][15]_i_2_7[0]      | btnC_IBUF          |                8 |             16 |
|  processor_clk_BUFG | PROCESSOR/DATA_PATH/PC_LOOP/PC/RAM[0][15]_i_6_19[0]      | btnC_IBUF          |                9 |             16 |
|  processor_clk_BUFG | PROCESSOR/DATA_PATH/PC_LOOP/PC/RAM[0][15]_i_6_2[0]       | btnC_IBUF          |                8 |             16 |
|  processor_clk_BUFG | PROCESSOR/DATA_PATH/PC_LOOP/PC/RAM[0][15]_i_6_20[0]      | btnC_IBUF          |               12 |             16 |
|  processor_clk_BUFG | PROCESSOR/DATA_PATH/PC_LOOP/PC/RAM[0][15]_i_6_21[0]      | btnC_IBUF          |               10 |             16 |
|  processor_clk_BUFG | PROCESSOR/DATA_PATH/PC_LOOP/PC/RAM[0][15]_i_6_22[0]      | btnC_IBUF          |                9 |             16 |
|  processor_clk_BUFG | PROCESSOR/DATA_PATH/PC_LOOP/PC/RAM[0][15]_i_6_23[0]      | btnC_IBUF          |                5 |             16 |
|  processor_clk_BUFG | PROCESSOR/DATA_PATH/PC_LOOP/PC/RAM[0][15]_i_6_24[0]      | btnC_IBUF          |                5 |             16 |
|  processor_clk_BUFG | PROCESSOR/DATA_PATH/PC_LOOP/PC/RAM[0][15]_i_6_3[0]       | btnC_IBUF          |                2 |             16 |
|  processor_clk_BUFG | PROCESSOR/DATA_PATH/PC_LOOP/PC/RAM[0][15]_i_6_4[0]       | btnC_IBUF          |               12 |             16 |
|  processor_clk_BUFG | PROCESSOR/DATA_PATH/PC_LOOP/PC/RAM[0][15]_i_6_6[0]       | btnC_IBUF          |               10 |             16 |
|  processor_clk_BUFG | PROCESSOR/DATA_PATH/PC_LOOP/PC/RAM[0][15]_i_6_7[0]       | btnC_IBUF          |                8 |             16 |
|  processor_clk_BUFG | PROCESSOR/DATA_PATH/PC_LOOP/PC/RAM[0][15]_i_6_8[0]       | btnC_IBUF          |                9 |             16 |
|  processor_clk_BUFG | PROCESSOR/DATA_PATH/PC_LOOP/PC/RAM[0][15]_i_6_9[0]       | btnC_IBUF          |               10 |             16 |
|  processor_clk_BUFG | PROCESSOR/DATA_PATH/PC_LOOP/PC/RAM[0][15]_i_8_0[0]       | btnC_IBUF          |               10 |             16 |
|  processor_clk_BUFG | PROCESSOR/DATA_PATH/PC_LOOP/PC/RAM[0][15]_i_8_1[0]       | btnC_IBUF          |                6 |             16 |
|  processor_clk_BUFG | PROCESSOR/DATA_PATH/PC_LOOP/PC/RAM[22][15]_i_2_0[0]      | btnC_IBUF          |                8 |             16 |
|  processor_clk_BUFG | PROCESSOR/DATA_PATH/PC_LOOP/PC/RAM[35][15]_i_2_1[0]      | btnC_IBUF          |                7 |             16 |
|  processor_clk_BUFG | PROCESSOR/DATA_PATH/PC_LOOP/PC/RAM[35][15]_i_2_0[0]      | btnC_IBUF          |                6 |             16 |
|  processor_clk_BUFG | PROCESSOR/DATA_PATH/PC_LOOP/PC/RAM[32][15]_i_2_5[0]      | btnC_IBUF          |                7 |             16 |
|  processor_clk_BUFG | PROCESSOR/DATA_PATH/PC_LOOP/PC/RAM[32][15]_i_2_4[0]      | btnC_IBUF          |               11 |             16 |
|  processor_clk_BUFG | PROCESSOR/DATA_PATH/PC_LOOP/PC/RAM[32][15]_i_2_3[0]      | btnC_IBUF          |               12 |             16 |
|  processor_clk_BUFG | PROCESSOR/DATA_PATH/PC_LOOP/PC/RAM[32][15]_i_2_2[0]      | btnC_IBUF          |                9 |             16 |
|  processor_clk_BUFG | PROCESSOR/DATA_PATH/PC_LOOP/PC/RAM[32][15]_i_2_1[0]      | btnC_IBUF          |                8 |             16 |
|  processor_clk_BUFG | PROCESSOR/DATA_PATH/PC_LOOP/PC/RAM[32][15]_i_2_0[0]      | btnC_IBUF          |               12 |             16 |
|  processor_clk_BUFG | PROCESSOR/DATA_PATH/PC_LOOP/PC/RAM[35][15]_i_2_2[0]      | btnC_IBUF          |                9 |             16 |
|  processor_clk_BUFG | PROCESSOR/DATA_PATH/PC_LOOP/PC/RAM[224][15]_i_3_1[0]     | btnC_IBUF          |                7 |             16 |
|  processor_clk_BUFG | PROCESSOR/DATA_PATH/PC_LOOP/PC/RAM[224][15]_i_3_0[0]     | btnC_IBUF          |               11 |             16 |
|  processor_clk_BUFG | PROCESSOR/DATA_PATH/PC_LOOP/PC/RAM[224][15]_i_2_0[0]     | btnC_IBUF          |               13 |             16 |
|  processor_clk_BUFG | PROCESSOR/DATA_PATH/PC_LOOP/PC/RAM[208][15]_i_3_1[0]     | btnC_IBUF          |               12 |             16 |
|  processor_clk_BUFG | PROCESSOR/DATA_PATH/PC_LOOP/PC/RAM[208][15]_i_3_0[0]     | btnC_IBUF          |               10 |             16 |
|  processor_clk_BUFG | PROCESSOR/DATA_PATH/PC_LOOP/PC/RAM[19][15]_i_2_3[0]      | btnC_IBUF          |                7 |             16 |
|  processor_clk_BUFG | PROCESSOR/DATA_PATH/PC_LOOP/PC/RAM[19][15]_i_2_2[0]      | btnC_IBUF          |                5 |             16 |
|  processor_clk_BUFG | PROCESSOR/DATA_PATH/PC_LOOP/PC/RAM[143][15]_i_3_1[0]     | btnC_IBUF          |                7 |             16 |
|  processor_clk_BUFG | PROCESSOR/DATA_PATH/PC_LOOP/PC/RAM[35][15]_i_2_3[0]      | btnC_IBUF          |                7 |             16 |
|  processor_clk_BUFG | PROCESSOR/DATA_PATH/PC_LOOP/PC/RAM[36][15]_i_2_0[0]      | btnC_IBUF          |                8 |             16 |
|  processor_clk_BUFG | PROCESSOR/DATA_PATH/PC_LOOP/PC/RAM[37][15]_i_2_0[0]      | btnC_IBUF          |                9 |             16 |
|  processor_clk_BUFG | PROCESSOR/DATA_PATH/PC_LOOP/PC/RAM[37][15]_i_2_1[0]      | btnC_IBUF          |                7 |             16 |
|  processor_clk_BUFG | PROCESSOR/DATA_PATH/PC_LOOP/PC/RAM[37][15]_i_2_2[0]      | btnC_IBUF          |                6 |             16 |
|  processor_clk_BUFG | PROCESSOR/DATA_PATH/PC_LOOP/PC/RAM[37][15]_i_2_3[0]      | btnC_IBUF          |                7 |             16 |
|  processor_clk_BUFG | PROCESSOR/DATA_PATH/PC_LOOP/PC/RAM[38][15]_i_2_0[0]      | btnC_IBUF          |                9 |             16 |
|  processor_clk_BUFG | PROCESSOR/DATA_PATH/PC_LOOP/PC/RAM[48][15]_i_2_0[0]      | btnC_IBUF          |                9 |             16 |
|  processor_clk_BUFG | PROCESSOR/DATA_PATH/PC_LOOP/PC/RAM[48][15]_i_2_1[0]      | btnC_IBUF          |               10 |             16 |
|  processor_clk_BUFG | PROCESSOR/DATA_PATH/PC_LOOP/PC/RAM[48][15]_i_2_2[0]      | btnC_IBUF          |                7 |             16 |
|  processor_clk_BUFG | PROCESSOR/DATA_PATH/PC_LOOP/PC/RAM[48][15]_i_2_3[0]      | btnC_IBUF          |                6 |             16 |
|  processor_clk_BUFG | PROCESSOR/DATA_PATH/PC_LOOP/PC/RAM[48][15]_i_2_4[0]      | btnC_IBUF          |               12 |             16 |
|  processor_clk_BUFG | PROCESSOR/DATA_PATH/PC_LOOP/PC/RAM[48][15]_i_2_5[0]      | btnC_IBUF          |                5 |             16 |
|  processor_clk_BUFG | PROCESSOR/DATA_PATH/PC_LOOP/PC/RAM[48][15]_i_2_6[0]      | btnC_IBUF          |               12 |             16 |
|  processor_clk_BUFG | PROCESSOR/DATA_PATH/PC_LOOP/PC/RAM[56][15]_i_3_1[0]      | btnC_IBUF          |                5 |             16 |
|  processor_clk_BUFG | PROCESSOR/DATA_PATH/PC_LOOP/PC/RAM[19][15]_i_2_0[0]      | btnC_IBUF          |                6 |             16 |
|  processor_clk_BUFG | PROCESSOR/DATA_PATH/PC_LOOP/PC/RAM[143][15]_i_3_0[0]     | btnC_IBUF          |               12 |             16 |
|  processor_clk_BUFG | PROCESSOR/DATA_PATH/PC_LOOP/PC/RAM[143][15]_i_3_2[0]     | btnC_IBUF          |                5 |             16 |
|  processor_clk_BUFG | PROCESSOR/DATA_PATH/PC_LOOP/PC/RAM[143][15]_i_3_3[0]     | btnC_IBUF          |                9 |             16 |
|  processor_clk_BUFG | PROCESSOR/DATA_PATH/PC_LOOP/PC/RAM[143][15]_i_3_4[0]     | btnC_IBUF          |                5 |             16 |
|  processor_clk_BUFG | PROCESSOR/DATA_PATH/PC_LOOP/PC/RAM[144][15]_i_2_0[0]     | btnC_IBUF          |                9 |             16 |
|  processor_clk_BUFG | PROCESSOR/DATA_PATH/PC_LOOP/PC/RAM[144][15]_i_2_1[0]     | btnC_IBUF          |                5 |             16 |
|  processor_clk_BUFG | PROCESSOR/DATA_PATH/PC_LOOP/PC/RAM[144][15]_i_2_2[0]     | btnC_IBUF          |               10 |             16 |
|  processor_clk_BUFG | PROCESSOR/DATA_PATH/PC_LOOP/PC/RAM[144][15]_i_2_3[0]     | btnC_IBUF          |                5 |             16 |
|  processor_clk_BUFG | PROCESSOR/DATA_PATH/PC_LOOP/PC/RAM[144][15]_i_2_5[0]     | btnC_IBUF          |                6 |             16 |
|  processor_clk_BUFG | PROCESSOR/DATA_PATH/PC_LOOP/PC/RAM[163][15]_i_2_0[0]     | btnC_IBUF          |               12 |             16 |
|  processor_clk_BUFG | PROCESSOR/DATA_PATH/PC_LOOP/PC/RAM[16][15]_i_2_0[0]      | btnC_IBUF          |                9 |             16 |
|  processor_clk_BUFG | PROCESSOR/DATA_PATH/PC_LOOP/PC/RAM[16][15]_i_5_0[0]      | btnC_IBUF          |                9 |             16 |
|  processor_clk_BUFG | PROCESSOR/DATA_PATH/PC_LOOP/PC/RAM[16][15]_i_5_1[0]      | btnC_IBUF          |                5 |             16 |
|  processor_clk_BUFG | PROCESSOR/DATA_PATH/PC_LOOP/PC/RAM[16][15]_i_5_10[0]     | btnC_IBUF          |                7 |             16 |
|  processor_clk_BUFG | PROCESSOR/DATA_PATH/PC_LOOP/PC/RAM[16][15]_i_5_2[0]      | btnC_IBUF          |               11 |             16 |
|  processor_clk_BUFG | PROCESSOR/DATA_PATH/PC_LOOP/PC/RAM[16][15]_i_5_4[0]      | btnC_IBUF          |                6 |             16 |
|  processor_clk_BUFG | PROCESSOR/DATA_PATH/PC_LOOP/PC/RAM[19][15]_i_2_1[0]      | btnC_IBUF          |                3 |             16 |
|  processor_clk_BUFG | PROCESSOR/DATA_PATH/PC_LOOP/PC/RAM[192][15]_i_3_0[0]     | btnC_IBUF          |                7 |             16 |
|  processor_clk_BUFG | PROCESSOR/DATA_PATH/PC_LOOP/PC/RAM[17][15]_i_2_5[0]      | btnC_IBUF          |                7 |             16 |
|  processor_clk_BUFG | PROCESSOR/DATA_PATH/PC_LOOP/PC/RAM[17][15]_i_2_4[0]      | btnC_IBUF          |               10 |             16 |
|  processor_clk_BUFG | PROCESSOR/DATA_PATH/PC_LOOP/PC/RAM[17][15]_i_2_3[0]      | btnC_IBUF          |                8 |             16 |
|  processor_clk_BUFG | PROCESSOR/DATA_PATH/PC_LOOP/PC/RAM[17][15]_i_2_2[0]      | btnC_IBUF          |                7 |             16 |
|  processor_clk_BUFG | PROCESSOR/DATA_PATH/PC_LOOP/PC/RAM[17][15]_i_2_1[0]      | btnC_IBUF          |                6 |             16 |
|  processor_clk_BUFG | PROCESSOR/DATA_PATH/PC_LOOP/PC/RAM[171][15]_i_2_1[0]     | btnC_IBUF          |                9 |             16 |
|  processor_clk_BUFG | PROCESSOR/DATA_PATH/PC_LOOP/PC/RAM[171][15]_i_2_0[0]     | btnC_IBUF          |               12 |             16 |
|  processor_clk_BUFG | PROCESSOR/DATA_PATH/PC_LOOP/PC/RAM[16][15]_i_5_9[0]      | btnC_IBUF          |                6 |             16 |
|  processor_clk_BUFG | PROCESSOR/DATA_PATH/PC_LOOP/PC/RAM[16][15]_i_5_8[0]      | btnC_IBUF          |                3 |             16 |
|  processor_clk_BUFG | PROCESSOR/DATA_PATH/PC_LOOP/PC/RAM[16][15]_i_5_7[0]      | btnC_IBUF          |                7 |             16 |
|  processor_clk_BUFG | PROCESSOR/DATA_PATH/PC_LOOP/PC/RAM[16][15]_i_5_6[0]      | btnC_IBUF          |               11 |             16 |
|  processor_clk_BUFG | PROCESSOR/DATA_PATH/PC_LOOP/PC/RAM[16][15]_i_5_5[0]      | btnC_IBUF          |               11 |             16 |
|  processor_clk_BUFG | PROCESSOR/DATA_PATH/PC_LOOP/PC/RAM[16][15]_i_5_3[0]      | btnC_IBUF          |                8 |             16 |
|  clk_in_IBUF_BUFG   |                                                          | SYS_CLK_GEN/sclki  |                6 |             24 |
|  disp_clk_BUFG      |                                                          | DISPLAY/clear      |                8 |             32 |
+---------------------+----------------------------------------------------------+--------------------+------------------+----------------+


